
KRR-WS03485 (Client)	Thu Aug 22 19:44:58 2013
	INET/inet_error: read errno = 10054


KRR-WS03485 (Client)	Fri Aug 23 08:05:18 2013
	REMOTE INTERFACE/gds__detach: Unsuccesful detach from database. 
	Uncommitted work may have been lost


KRR-WS03485 (Client)	Fri Aug 23 08:08:59 2013
	INET/inet_error: send errno = 10054


KRR-WS03485 (Client)	Fri Aug 23 08:10:01 2013
	INET/inet_error: send errno = 10054


KRR-WS03485 (Client)	Fri Aug 23 08:10:01 2013
	REMOTE INTERFACE/gds__detach: Unsuccesful detach from database. 
	Uncommitted work may have been lost


KRR-WS03485 (Client)	Fri Aug 23 09:28:50 2013
	INET/inet_error: read errno = 10054


KRR-WS03485 (Client)	Fri Aug 23 09:32:59 2013
	INET/inet_error: read errno = 10054


KRR-WS03485 (Client)	Fri Aug 23 10:35:32 2013
	REMOTE INTERFACE/gds__detach: Unsuccesful detach from database. 
	Uncommitted work may have been lost


KRR-WS03485 (Client)	Fri Aug 23 13:51:27 2013
	INET/inet_error: send errno = 10054


KRR-WS03485 (Client)	Fri Aug 23 13:51:28 2013
	REMOTE INTERFACE/gds__detach: Unsuccesful detach from database. 
	Uncommitted work may have been lost


KRR-WS03485 (Client)	Mon Sep 09 10:12:38 2013
	INET/inet_error: send errno = 10054


KRR-WS03485 (Client)	Tue Oct 08 10:49:15 2013
	INET/inet_error: read errno = 10054


KRR-WS03485 (Client)	Tue Dec 31 10:02:12 2013
	INET/inet_error: read errno = 10053


KRR-WS03485 (Client)	Thu Jan 02 07:55:12 2014
	INET/inet_error: send errno = 10054


KRR-WS03485 (Client)	Fri Jan 03 07:44:15 2014
	INET/inet_error: send errno = 10054


KRR-WS03485 (Client)	Fri Jan 03 09:59:23 2014
	INET/inet_error: connect errno = 10060


KRR-WS03485 (Client)	Fri Jan 03 09:59:46 2014
	INET/inet_error: connect errno = 10060

