
KRR-WS03485 (Client)	Thu Aug 22 19:44:58 2013
	INET/inet_error: read errno = 10054


KRR-WS03485 (Client)	Fri Aug 23 08:05:18 2013
	REMOTE INTERFACE/gds__detach: Unsuccesful detach from database. 
	Uncommitted work may have been lost


KRR-WS03485 (Client)	Fri Aug 23 08:08:59 2013
	INET/inet_error: send errno = 10054


KRR-WS03485 (Client)	Fri Aug 23 08:10:01 2013
	INET/inet_error: send errno = 10054


KRR-WS03485 (Client)	Fri Aug 23 08:10:01 2013
	REMOTE INTERFACE/gds__detach: Unsuccesful detach from database. 
	Uncommitted work may have been lost


KRR-WS03485 (Client)	Fri Aug 23 09:28:50 2013
	INET/inet_error: read errno = 10054


KRR-WS03485 (Client)	Fri Aug 23 09:32:59 2013
	INET/inet_error: read errno = 10054


KRR-WS03485 (Client)	Fri Aug 23 10:35:32 2013
	REMOTE INTERFACE/gds__detach: Unsuccesful detach from database. 
	Uncommitted work may have been lost


KRR-WS03485 (Client)	Fri Aug 23 13:51:27 2013
	INET/inet_error: send errno = 10054


KRR-WS03485 (Client)	Fri Aug 23 13:51:28 2013
	REMOTE INTERFACE/gds__detach: Unsuccesful detach from database. 
	Uncommitted work may have been lost


KRR-WS03485 (Client)	Mon Sep 09 10:12:38 2013
	INET/inet_error: send errno = 10054


KRR-WS03485 (Client)	Tue Oct 08 10:49:15 2013
	INET/inet_error: read errno = 10054

