16.01.2014 7:48:50	app		start
16.01.2014 7:48:54	debug		ViewsCharts -> 7:48:54
16.01.2014 7:48:54	debug		TemperatureCurrentLeft -> 250
16.01.2014 7:48:54	debug		LimitLeft min -> 250
16.01.2014 7:48:54	debug		LimitLeft max -> 550
16.01.2014 7:48:54	debug		TemperatureCurrentRight -> 256
16.01.2014 7:48:54	debug		LimitRight min -> 240
16.01.2014 7:48:54	debug		LimitRight max -> 565
16.01.2014 7:48:55	debug		ViewsCharts -> 7:48:55
16.01.2014 7:48:55	debug		TemperatureCurrentLeft -> 250
16.01.2014 7:48:55	debug		LimitLeft min -> 250
16.01.2014 7:48:55	debug		LimitLeft max -> 550
16.01.2014 7:48:55	debug		TemperatureCurrentRight -> 256
16.01.2014 7:48:55	debug		LimitRight min -> 240
16.01.2014 7:48:55	debug		LimitRight max -> 565
16.01.2014 7:48:56	debug		ViewsCharts -> 7:48:56
16.01.2014 7:48:56	debug		TemperatureCurrentLeft -> 250
16.01.2014 7:48:56	debug		LimitLeft min -> 250
16.01.2014 7:48:56	debug		LimitLeft max -> 550
16.01.2014 7:48:56	debug		TemperatureCurrentRight -> 256
16.01.2014 7:48:56	debug		LimitRight min -> 240
16.01.2014 7:48:56	debug		LimitRight max -> 565
16.01.2014 7:48:57	debug		ViewsCharts -> 7:48:57
16.01.2014 7:48:57	debug		TemperatureCurrentLeft -> 250
16.01.2014 7:48:57	debug		LimitLeft min -> 250
16.01.2014 7:48:58	debug		LimitLeft max -> 550
16.01.2014 7:48:58	debug		TemperatureCurrentRight -> 256
16.01.2014 7:48:58	debug		LimitRight min -> 240
16.01.2014 7:48:58	debug		LimitRight max -> 565
16.01.2014 7:48:59	debug		ViewsCharts -> 7:48:59
16.01.2014 7:48:59	debug		TemperatureCurrentLeft -> 250
16.01.2014 7:48:59	debug		LimitLeft min -> 250
16.01.2014 7:48:59	debug		LimitLeft max -> 550
16.01.2014 7:48:59	debug		TemperatureCurrentRight -> 256
16.01.2014 7:48:59	debug		LimitRight min -> 240
16.01.2014 7:48:59	debug		LimitRight max -> 565
16.01.2014 7:49:00	debug		ViewsCharts -> 7:49:00
16.01.2014 7:49:00	debug		TemperatureCurrentLeft -> 250
16.01.2014 7:49:00	debug		LimitLeft min -> 250
16.01.2014 7:49:00	debug		LimitLeft max -> 550
16.01.2014 7:49:00	debug		TemperatureCurrentRight -> 256
16.01.2014 7:49:00	debug		LimitRight min -> 240
16.01.2014 7:49:00	debug		LimitRight max -> 565
16.01.2014 7:49:01	debug		ViewsCharts -> 7:49:01
16.01.2014 7:49:01	debug		TemperatureCurrentLeft -> 250
16.01.2014 7:49:01	debug		LimitLeft min -> 250
16.01.2014 7:49:01	debug		LimitLeft max -> 550
16.01.2014 7:49:01	debug		TemperatureCurrentRight -> 256
16.01.2014 7:49:01	debug		LimitRight min -> 240
16.01.2014 7:49:01	debug		LimitRight max -> 565
16.01.2014 7:49:02	debug		ViewsCharts -> 7:49:02
16.01.2014 7:49:02	debug		TemperatureCurrentLeft -> 250
16.01.2014 7:49:02	debug		LimitLeft min -> 250
16.01.2014 7:49:02	debug		LimitLeft max -> 550
16.01.2014 7:49:02	debug		TemperatureCurrentRight -> 256
16.01.2014 7:49:02	debug		LimitRight min -> 240
16.01.2014 7:49:02	debug		LimitRight max -> 565
16.01.2014 7:49:03	debug		ViewsCharts -> 7:49:03
16.01.2014 7:49:03	debug		TemperatureCurrentLeft -> 250
16.01.2014 7:49:03	debug		LimitLeft min -> 250
16.01.2014 7:49:03	debug		LimitLeft max -> 550
16.01.2014 7:49:03	debug		TemperatureCurrentRight -> 256
16.01.2014 7:49:03	debug		LimitRight min -> 240
16.01.2014 7:49:03	debug		LimitRight max -> 565
16.01.2014 7:49:04	debug		ViewsCharts -> 7:49:04
16.01.2014 7:49:04	debug		TemperatureCurrentLeft -> 250
16.01.2014 7:49:04	debug		LimitLeft min -> 250
16.01.2014 7:49:04	debug		LimitLeft max -> 550
16.01.2014 7:49:04	debug		TemperatureCurrentRight -> 256
16.01.2014 7:49:04	debug		LimitRight min -> 240
16.01.2014 7:49:04	debug		LimitRight max -> 565
16.01.2014 7:49:05	debug		ViewsCharts -> 7:49:05
16.01.2014 7:49:05	debug		TemperatureCurrentLeft -> 250
16.01.2014 7:49:05	debug		LimitLeft min -> 250
16.01.2014 7:49:05	debug		LimitLeft max -> 550
16.01.2014 7:49:05	debug		TemperatureCurrentRight -> 256
16.01.2014 7:49:05	debug		LimitRight min -> 240
16.01.2014 7:49:05	debug		LimitRight max -> 565
16.01.2014 7:49:06	debug		ViewsCharts -> 7:49:06
16.01.2014 7:49:06	debug		TemperatureCurrentLeft -> 250
16.01.2014 7:49:06	debug		LimitLeft min -> 250
16.01.2014 7:49:06	debug		LimitLeft max -> 550
16.01.2014 7:49:06	debug		SeriesCount -> 0
16.01.2014 7:49:06	debug		SeriesCount -> 1
16.01.2014 7:49:11	error		ChartException, с сообщением: Series Delete: ValueIndex 2 out of bounds (0 to -1).
16.01.2014 7:49:11	debug		TemperatureCurrentRight -> 256
16.01.2014 7:49:11	debug		LimitRight min -> 240
16.01.2014 7:49:11	debug		LimitRight max -> 565
16.01.2014 7:49:12	debug		ViewsCharts -> 7:49:12
16.01.2014 7:49:12	debug		TemperatureCurrentLeft -> 250
16.01.2014 7:49:12	debug		LimitLeft min -> 250
16.01.2014 7:49:12	debug		LimitLeft max -> 550
16.01.2014 7:49:12	debug		SeriesCount -> 0
16.01.2014 7:49:12	debug		SeriesCount -> 1
16.01.2014 7:53:14	app		start
16.01.2014 7:53:15	debug		ViewsCharts -> 7:53:15
16.01.2014 7:53:15	debug		TemperatureCurrentLeft -> 250
16.01.2014 7:53:15	debug		LimitLeft min -> 250
16.01.2014 7:53:15	debug		LimitLeft max -> 550
16.01.2014 7:53:15	debug		TemperatureCurrentRight -> 256
16.01.2014 7:53:15	debug		LimitRight min -> 240
16.01.2014 7:53:15	debug		LimitRight max -> 565
16.01.2014 7:53:16	debug		ViewsCharts -> 7:53:16
16.01.2014 7:53:16	debug		TemperatureCurrentLeft -> 250
16.01.2014 7:53:16	debug		LimitLeft min -> 250
16.01.2014 7:53:16	debug		LimitLeft max -> 550
16.01.2014 7:53:16	debug		TemperatureCurrentRight -> 256
16.01.2014 7:53:16	debug		LimitRight min -> 240
16.01.2014 7:53:16	debug		LimitRight max -> 565
16.01.2014 7:53:17	debug		ViewsCharts -> 7:53:17
16.01.2014 7:53:17	debug		TemperatureCurrentLeft -> 250
16.01.2014 7:53:17	debug		LimitLeft min -> 250
16.01.2014 7:53:17	debug		LimitLeft max -> 550
16.01.2014 7:53:17	debug		TemperatureCurrentRight -> 256
16.01.2014 7:53:17	debug		LimitRight min -> 240
16.01.2014 7:53:17	debug		LimitRight max -> 565
16.01.2014 7:53:18	debug		ViewsCharts -> 7:53:18
16.01.2014 7:53:18	debug		TemperatureCurrentLeft -> 250
16.01.2014 7:53:18	debug		LimitLeft min -> 250
16.01.2014 7:53:18	debug		LimitLeft max -> 550
16.01.2014 7:53:18	debug		TemperatureCurrentRight -> 256
16.01.2014 7:53:18	debug		LimitRight min -> 240
16.01.2014 7:53:18	debug		LimitRight max -> 565
16.01.2014 7:53:19	debug		ViewsCharts -> 7:53:19
16.01.2014 7:53:19	debug		TemperatureCurrentLeft -> 250
16.01.2014 7:53:19	debug		LimitLeft min -> 250
16.01.2014 7:53:19	debug		LimitLeft max -> 550
16.01.2014 7:53:19	debug		TemperatureCurrentRight -> 256
16.01.2014 7:53:19	debug		LimitRight min -> 240
16.01.2014 7:53:19	debug		LimitRight max -> 565
16.01.2014 7:53:20	debug		ViewsCharts -> 7:53:20
16.01.2014 7:53:20	debug		TemperatureCurrentLeft -> 250
16.01.2014 7:53:20	debug		LimitLeft min -> 250
16.01.2014 7:53:20	debug		LimitLeft max -> 550
16.01.2014 7:53:20	debug		TemperatureCurrentRight -> 256
16.01.2014 7:53:20	debug		LimitRight min -> 240
16.01.2014 7:53:20	debug		LimitRight max -> 565
16.01.2014 7:53:21	debug		ViewsCharts -> 7:53:21
16.01.2014 7:53:21	debug		TemperatureCurrentLeft -> 695
16.01.2014 7:53:21	debug		LimitLeft min -> 550
16.01.2014 7:53:21	debug		LimitLeft max -> 950
16.01.2014 7:53:21	debug		TemperatureCurrentRight -> 256
16.01.2014 7:53:21	debug		LimitRight min -> 240
16.01.2014 7:53:21	debug		LimitRight max -> 565
16.01.2014 7:53:22	debug		ViewsCharts -> 7:53:22
16.01.2014 7:53:22	debug		TemperatureCurrentLeft -> 695
16.01.2014 7:53:22	debug		LimitLeft min -> 550
16.01.2014 7:53:22	debug		LimitLeft max -> 950
16.01.2014 7:53:22	debug		TemperatureCurrentRight -> 256
16.01.2014 7:53:22	debug		LimitRight min -> 240
16.01.2014 7:53:22	debug		LimitRight max -> 565
16.01.2014 7:53:23	debug		ViewsCharts -> 7:53:23
16.01.2014 7:53:23	debug		TemperatureCurrentLeft -> 695
16.01.2014 7:53:23	debug		LimitLeft min -> 550
16.01.2014 7:53:23	debug		LimitLeft max -> 950
16.01.2014 7:53:23	debug		TemperatureCurrentRight -> 256
16.01.2014 7:53:23	debug		LimitRight min -> 240
16.01.2014 7:53:23	debug		LimitRight max -> 565
16.01.2014 7:53:24	debug		ViewsCharts -> 7:53:24
16.01.2014 7:53:24	debug		TemperatureCurrentLeft -> 825
16.01.2014 7:53:24	debug		LimitLeft min -> 550
16.01.2014 7:53:24	debug		LimitLeft max -> 950
16.01.2014 7:53:24	debug		TemperatureCurrentRight -> 256
16.01.2014 7:53:24	debug		LimitRight min -> 240
16.01.2014 7:53:24	debug		LimitRight max -> 565
16.01.2014 7:53:25	debug		ViewsCharts -> 7:53:25
16.01.2014 7:53:25	debug		TemperatureCurrentLeft -> 825
16.01.2014 7:53:25	debug		LimitLeft min -> 550
16.01.2014 7:53:25	debug		LimitLeft max -> 950
16.01.2014 7:53:25	debug		TemperatureCurrentRight -> 256
16.01.2014 7:53:25	debug		LimitRight min -> 240
16.01.2014 7:53:25	debug		LimitRight max -> 565
16.01.2014 7:53:26	debug		ViewsCharts -> 7:53:26
16.01.2014 7:53:26	debug		TemperatureCurrentLeft -> 825
16.01.2014 7:53:26	debug		LimitLeft min -> 550
16.01.2014 7:53:26	debug		LimitLeft max -> 950
16.01.2014 7:53:26	debug		SeriesCount -> 0
16.01.2014 7:53:26	debug		SeriesCount -> 1
16.01.2014 7:54:20	app		start
16.01.2014 7:54:21	debug		ViewsCharts -> 7:54:21
16.01.2014 7:54:21	debug		TemperatureCurrentLeft -> 250
16.01.2014 7:54:21	debug		LimitLeft min -> 250
16.01.2014 7:54:21	debug		LimitLeft max -> 550
16.01.2014 7:54:21	debug		TemperatureCurrentRight -> 342
16.01.2014 7:54:21	debug		LimitRight min -> 240
16.01.2014 7:54:21	debug		LimitRight max -> 565
16.01.2014 7:54:22	debug		ViewsCharts -> 7:54:22
16.01.2014 7:54:22	debug		TemperatureCurrentLeft -> 250
16.01.2014 7:54:22	debug		LimitLeft min -> 250
16.01.2014 7:54:22	debug		LimitLeft max -> 550
16.01.2014 7:54:22	debug		TemperatureCurrentRight -> 342
16.01.2014 7:54:22	debug		LimitRight min -> 240
16.01.2014 7:54:22	debug		LimitRight max -> 565
16.01.2014 7:54:23	debug		ViewsCharts -> 7:54:23
16.01.2014 7:54:23	debug		TemperatureCurrentLeft -> 250
16.01.2014 7:54:23	debug		LimitLeft min -> 250
16.01.2014 7:54:23	debug		LimitLeft max -> 550
16.01.2014 7:54:23	debug		TemperatureCurrentRight -> 342
16.01.2014 7:54:23	debug		LimitRight min -> 240
16.01.2014 7:54:23	debug		LimitRight max -> 565
16.01.2014 7:54:24	debug		ViewsCharts -> 7:54:24
16.01.2014 7:54:24	debug		TemperatureCurrentLeft -> 250
16.01.2014 7:54:24	debug		LimitLeft min -> 250
16.01.2014 7:54:24	debug		LimitLeft max -> 550
16.01.2014 7:54:24	debug		TemperatureCurrentRight -> 340
16.01.2014 7:54:24	debug		LimitRight min -> 240
16.01.2014 7:54:24	debug		LimitRight max -> 565
16.01.2014 7:54:25	debug		ViewsCharts -> 7:54:25
16.01.2014 7:54:25	debug		TemperatureCurrentLeft -> 250
16.01.2014 7:54:25	debug		LimitLeft min -> 250
16.01.2014 7:54:25	debug		LimitLeft max -> 550
16.01.2014 7:54:25	debug		TemperatureCurrentRight -> 340
16.01.2014 7:54:25	debug		LimitRight min -> 240
16.01.2014 7:54:25	debug		LimitRight max -> 565
16.01.2014 7:54:26	debug		ViewsCharts -> 7:54:26
16.01.2014 7:54:26	debug		TemperatureCurrentLeft -> 250
16.01.2014 7:54:26	debug		LimitLeft min -> 250
16.01.2014 7:54:26	debug		LimitLeft max -> 550
16.01.2014 7:54:26	debug		TemperatureCurrentRight -> 340
16.01.2014 7:54:26	debug		LimitRight min -> 240
16.01.2014 7:54:26	debug		LimitRight max -> 565
16.01.2014 7:54:27	debug		ViewsCharts -> 7:54:27
16.01.2014 7:54:27	debug		TemperatureCurrentLeft -> 250
16.01.2014 7:54:27	debug		LimitLeft min -> 250
16.01.2014 7:54:27	debug		LimitLeft max -> 550
16.01.2014 7:54:27	debug		TemperatureCurrentRight -> 340
16.01.2014 7:54:27	debug		LimitRight min -> 240
16.01.2014 7:54:27	debug		LimitRight max -> 565
16.01.2014 7:54:28	debug		ViewsCharts -> 7:54:28
16.01.2014 7:54:28	debug		TemperatureCurrentLeft -> 250
16.01.2014 7:54:28	debug		LimitLeft min -> 250
16.01.2014 7:54:28	debug		LimitLeft max -> 550
16.01.2014 7:54:28	debug		TemperatureCurrentRight -> 390
16.01.2014 7:54:28	debug		LimitRight min -> 240
16.01.2014 7:54:28	debug		LimitRight max -> 565
16.01.2014 7:54:29	debug		ViewsCharts -> 7:54:29
16.01.2014 7:54:29	debug		TemperatureCurrentLeft -> 250
16.01.2014 7:54:29	debug		LimitLeft min -> 250
16.01.2014 7:54:29	debug		LimitLeft max -> 550
16.01.2014 7:54:29	debug		TemperatureCurrentRight -> 390
16.01.2014 7:54:29	debug		LimitRight min -> 240
16.01.2014 7:54:29	debug		LimitRight max -> 565
16.01.2014 7:54:30	debug		ViewsCharts -> 7:54:30
16.01.2014 7:54:30	debug		TemperatureCurrentLeft -> 250
16.01.2014 7:54:30	debug		LimitLeft min -> 250
16.01.2014 7:54:30	debug		LimitLeft max -> 550
16.01.2014 7:54:30	debug		TemperatureCurrentRight -> 390
16.01.2014 7:54:30	debug		LimitRight min -> 240
16.01.2014 7:54:30	debug		LimitRight max -> 565
16.01.2014 7:54:32	debug		ViewsCharts -> 7:54:32
16.01.2014 7:54:32	debug		TemperatureCurrentLeft -> 250
16.01.2014 7:54:32	debug		LimitLeft min -> 250
16.01.2014 7:54:32	debug		LimitLeft max -> 550
16.01.2014 7:54:32	debug		TemperatureCurrentRight -> 390
16.01.2014 7:54:32	debug		LimitRight min -> 240
16.01.2014 7:54:32	debug		LimitRight max -> 565
16.01.2014 7:54:33	debug		ViewsCharts -> 7:54:33
16.01.2014 7:54:33	debug		TemperatureCurrentLeft -> 250
16.01.2014 7:54:33	debug		LimitLeft min -> 250
16.01.2014 7:54:33	debug		LimitLeft max -> 550
16.01.2014 7:54:33	debug		SeriesCount -> 0
16.01.2014 7:54:33	debug		SeriesCount -> 1
16.01.2014 7:54:35	error		ChartException, с сообщением: Series Delete: ValueIndex 2 out of bounds (0 to -1).
16.01.2014 7:54:35	debug		TemperatureCurrentRight -> 343
16.01.2014 7:54:35	debug		LimitRight min -> 240
16.01.2014 7:54:35	debug		LimitRight max -> 565
16.01.2014 7:54:36	debug		ViewsCharts -> 7:54:36
16.01.2014 7:54:36	debug		TemperatureCurrentLeft -> 250
16.01.2014 7:54:36	debug		LimitLeft min -> 250
16.01.2014 7:54:36	debug		LimitLeft max -> 550
16.01.2014 7:54:36	debug		SeriesCount -> 0
16.01.2014 7:54:36	debug		SeriesCount -> 1
16.01.2014 7:54:37	error		ChartException, с сообщением: Series Delete: ValueIndex 3 out of bounds (0 to -1).
16.01.2014 7:54:37	debug		TemperatureCurrentRight -> 343
16.01.2014 7:54:37	debug		LimitRight min -> 240
16.01.2014 7:54:37	debug		LimitRight max -> 565
16.01.2014 7:54:38	debug		ViewsCharts -> 7:54:38
16.01.2014 7:54:38	debug		TemperatureCurrentLeft -> 250
16.01.2014 7:54:38	debug		LimitLeft min -> 250
16.01.2014 7:54:38	debug		LimitLeft max -> 550
16.01.2014 7:54:38	debug		SeriesCount -> 0
16.01.2014 7:54:38	debug		SeriesCount -> 1
16.01.2014 7:54:38	error		ChartException, с сообщением: Series Delete: ValueIndex 4 out of bounds (0 to -1).
16.01.2014 7:54:38	debug		TemperatureCurrentRight -> 346
16.01.2014 7:54:38	debug		LimitRight min -> 240
16.01.2014 7:54:38	debug		LimitRight max -> 565
16.01.2014 7:54:39	debug		ViewsCharts -> 7:54:39
16.01.2014 7:54:39	debug		TemperatureCurrentLeft -> 250
16.01.2014 7:54:39	debug		LimitLeft min -> 250
16.01.2014 7:54:39	debug		LimitLeft max -> 550
16.01.2014 7:54:39	debug		SeriesCount -> 0
16.01.2014 7:54:39	debug		SeriesCount -> 1
16.01.2014 7:54:40	error		ChartException, с сообщением: Series Delete: ValueIndex 5 out of bounds (0 to -1).
16.01.2014 7:54:40	debug		TemperatureCurrentRight -> 346
16.01.2014 7:54:40	debug		LimitRight min -> 240
16.01.2014 7:54:40	debug		LimitRight max -> 565
16.01.2014 7:54:41	debug		ViewsCharts -> 7:54:41
16.01.2014 7:54:41	debug		TemperatureCurrentLeft -> 250
16.01.2014 7:54:41	debug		LimitLeft min -> 250
16.01.2014 7:54:41	debug		LimitLeft max -> 550
16.01.2014 7:54:41	debug		SeriesCount -> 0
16.01.2014 7:54:41	debug		SeriesCount -> 1
16.01.2014 7:55:06	app		start
16.01.2014 7:55:07	debug		ViewsCharts -> 7:55:07
16.01.2014 7:55:07	debug		TemperatureCurrentLeft -> 250
16.01.2014 7:55:07	debug		LimitLeft min -> 250
16.01.2014 7:55:07	debug		LimitLeft max -> 550
16.01.2014 7:55:07	debug		TemperatureCurrentRight -> 256
16.01.2014 7:55:07	debug		LimitRight min -> 240
16.01.2014 7:55:07	debug		LimitRight max -> 565
16.01.2014 7:55:08	debug		ViewsCharts -> 7:55:08
16.01.2014 7:55:08	debug		TemperatureCurrentLeft -> 250
16.01.2014 7:55:08	debug		LimitLeft min -> 250
16.01.2014 7:55:08	debug		LimitLeft max -> 550
16.01.2014 7:55:08	debug		TemperatureCurrentRight -> 334
16.01.2014 7:55:08	debug		LimitRight min -> 240
16.01.2014 7:55:08	debug		LimitRight max -> 565
16.01.2014 7:55:09	debug		ViewsCharts -> 7:55:09
16.01.2014 7:55:09	debug		TemperatureCurrentLeft -> 250
16.01.2014 7:55:09	debug		LimitLeft min -> 250
16.01.2014 7:55:09	debug		LimitLeft max -> 550
16.01.2014 7:55:09	debug		TemperatureCurrentRight -> 334
16.01.2014 7:55:09	debug		LimitRight min -> 240
16.01.2014 7:55:09	debug		LimitRight max -> 565
16.01.2014 7:55:10	debug		ViewsCharts -> 7:55:10
16.01.2014 7:55:10	debug		TemperatureCurrentLeft -> 250
16.01.2014 7:55:10	debug		LimitLeft min -> 250
16.01.2014 7:55:10	debug		LimitLeft max -> 550
16.01.2014 7:55:10	debug		TemperatureCurrentRight -> 334
16.01.2014 7:55:10	debug		LimitRight min -> 240
16.01.2014 7:55:10	debug		LimitRight max -> 565
16.01.2014 7:55:11	debug		ViewsCharts -> 7:55:11
16.01.2014 7:55:11	debug		TemperatureCurrentLeft -> 250
16.01.2014 7:55:11	debug		LimitLeft min -> 250
16.01.2014 7:55:11	debug		LimitLeft max -> 550
16.01.2014 7:55:11	debug		TemperatureCurrentRight -> 334
16.01.2014 7:55:11	debug		LimitRight min -> 240
16.01.2014 7:55:11	debug		LimitRight max -> 565
16.01.2014 7:55:12	debug		ViewsCharts -> 7:55:12
16.01.2014 7:55:12	debug		TemperatureCurrentLeft -> 250
16.01.2014 7:55:12	debug		LimitLeft min -> 250
16.01.2014 7:55:12	debug		LimitLeft max -> 550
16.01.2014 7:55:12	debug		TemperatureCurrentRight -> 340
16.01.2014 7:55:12	debug		LimitRight min -> 240
16.01.2014 7:55:12	debug		LimitRight max -> 565
16.01.2014 7:55:13	debug		ViewsCharts -> 7:55:13
16.01.2014 7:55:13	debug		TemperatureCurrentLeft -> 250
16.01.2014 7:55:13	debug		LimitLeft min -> 250
16.01.2014 7:55:13	debug		LimitLeft max -> 550
16.01.2014 7:55:13	debug		TemperatureCurrentRight -> 340
16.01.2014 7:55:13	debug		LimitRight min -> 240
16.01.2014 7:55:13	debug		LimitRight max -> 565
16.01.2014 7:55:14	debug		ViewsCharts -> 7:55:14
16.01.2014 7:55:14	debug		TemperatureCurrentLeft -> 250
16.01.2014 7:55:14	debug		LimitLeft min -> 250
16.01.2014 7:55:14	debug		LimitLeft max -> 550
16.01.2014 7:55:14	debug		TemperatureCurrentRight -> 340
16.01.2014 7:55:14	debug		LimitRight min -> 240
16.01.2014 7:55:14	debug		LimitRight max -> 565
16.01.2014 7:55:15	debug		ViewsCharts -> 7:55:15
16.01.2014 7:55:15	debug		TemperatureCurrentLeft -> 250
16.01.2014 7:55:15	debug		LimitLeft min -> 250
16.01.2014 7:55:15	debug		LimitLeft max -> 550
16.01.2014 7:55:15	debug		TemperatureCurrentRight -> 340
16.01.2014 7:55:15	debug		LimitRight min -> 240
16.01.2014 7:55:15	debug		LimitRight max -> 565
16.01.2014 7:55:16	debug		ViewsCharts -> 7:55:16
16.01.2014 7:55:16	debug		TemperatureCurrentLeft -> 250
16.01.2014 7:55:16	debug		LimitLeft min -> 250
16.01.2014 7:55:16	debug		LimitLeft max -> 550
16.01.2014 7:55:16	debug		TemperatureCurrentRight -> 320
16.01.2014 7:55:16	debug		LimitRight min -> 240
16.01.2014 7:55:16	debug		LimitRight max -> 565
16.01.2014 7:55:17	debug		ViewsCharts -> 7:55:17
16.01.2014 7:55:17	debug		TemperatureCurrentLeft -> 250
16.01.2014 7:55:17	debug		LimitLeft min -> 250
16.01.2014 7:55:17	debug		LimitLeft max -> 550
16.01.2014 7:55:17	debug		TemperatureCurrentRight -> 320
16.01.2014 7:55:17	debug		LimitRight min -> 240
16.01.2014 7:55:17	debug		LimitRight max -> 565
16.01.2014 7:55:18	debug		ViewsCharts -> 7:55:18
16.01.2014 7:55:18	debug		TemperatureCurrentLeft -> 250
16.01.2014 7:55:18	debug		LimitLeft min -> 250
16.01.2014 7:55:18	debug		LimitLeft max -> 550
16.01.2014 7:55:18	debug		SeriesCount -> 0
16.01.2014 7:55:18	debug		SeriesCount -> 1
16.01.2014 7:55:25	error		ChartException, с сообщением: Series Delete: ValueIndex 2 out of bounds (0 to -1).
16.01.2014 7:55:25	debug		TemperatureCurrentRight -> 320
16.01.2014 7:55:25	debug		LimitRight min -> 240
16.01.2014 7:55:25	debug		LimitRight max -> 565
16.01.2014 7:55:27	debug		ViewsCharts -> 7:55:27
16.01.2014 7:55:27	debug		TemperatureCurrentLeft -> 250
16.01.2014 7:55:27	debug		LimitLeft min -> 250
16.01.2014 7:55:27	debug		LimitLeft max -> 550
16.01.2014 7:55:27	debug		SeriesCount -> 0
16.01.2014 7:55:27	debug		SeriesCount -> 1
16.01.2014 7:56:07	app		start
16.01.2014 7:56:07	debug		ViewsCharts -> 7:56:07
16.01.2014 7:56:07	debug		TemperatureCurrentLeft -> 250
16.01.2014 7:56:07	debug		LimitLeft min -> 250
16.01.2014 7:56:07	debug		LimitLeft max -> 550
16.01.2014 7:56:07	debug		TemperatureCurrentRight -> 266
16.01.2014 7:56:07	debug		LimitRight min -> 240
16.01.2014 7:56:07	debug		LimitRight max -> 565
16.01.2014 7:56:08	debug		ViewsCharts -> 7:56:08
16.01.2014 7:56:08	debug		TemperatureCurrentLeft -> 250
16.01.2014 7:56:08	debug		LimitLeft min -> 250
16.01.2014 7:56:08	debug		LimitLeft max -> 550
16.01.2014 7:56:08	debug		TemperatureCurrentRight -> 338
16.01.2014 7:56:08	debug		LimitRight min -> 240
16.01.2014 7:56:08	debug		LimitRight max -> 565
16.01.2014 7:56:09	debug		ViewsCharts -> 7:56:09
16.01.2014 7:56:09	debug		TemperatureCurrentLeft -> 250
16.01.2014 7:56:09	debug		LimitLeft min -> 250
16.01.2014 7:56:09	debug		LimitLeft max -> 550
16.01.2014 7:56:09	debug		TemperatureCurrentRight -> 338
16.01.2014 7:56:09	debug		LimitRight min -> 240
16.01.2014 7:56:09	debug		LimitRight max -> 565
16.01.2014 7:56:10	debug		ViewsCharts -> 7:56:10
16.01.2014 7:56:10	debug		TemperatureCurrentLeft -> 250
16.01.2014 7:56:10	debug		LimitLeft min -> 250
16.01.2014 7:56:10	debug		LimitLeft max -> 550
16.01.2014 7:56:10	debug		TemperatureCurrentRight -> 338
16.01.2014 7:56:10	debug		LimitRight min -> 240
16.01.2014 7:56:10	debug		LimitRight max -> 565
16.01.2014 7:56:12	debug		ViewsCharts -> 7:56:12
16.01.2014 7:56:12	debug		TemperatureCurrentLeft -> 250
16.01.2014 7:56:12	debug		LimitLeft min -> 250
16.01.2014 7:56:12	debug		LimitLeft max -> 550
16.01.2014 7:56:12	debug		TemperatureCurrentRight -> 256
16.01.2014 7:56:12	debug		LimitRight min -> 240
16.01.2014 7:56:12	debug		LimitRight max -> 565
16.01.2014 7:56:13	debug		ViewsCharts -> 7:56:13
16.01.2014 7:56:13	debug		TemperatureCurrentLeft -> 250
16.01.2014 7:56:13	debug		LimitLeft min -> 250
16.01.2014 7:56:13	debug		LimitLeft max -> 550
16.01.2014 7:56:13	debug		TemperatureCurrentRight -> 256
16.01.2014 7:56:13	debug		LimitRight min -> 240
16.01.2014 7:56:13	debug		LimitRight max -> 565
16.01.2014 7:56:14	debug		ViewsCharts -> 7:56:14
16.01.2014 7:56:14	debug		TemperatureCurrentLeft -> 250
16.01.2014 7:56:14	debug		LimitLeft min -> 250
16.01.2014 7:56:14	debug		LimitLeft max -> 550
16.01.2014 7:56:14	debug		TemperatureCurrentRight -> 256
16.01.2014 7:56:14	debug		LimitRight min -> 240
16.01.2014 7:56:14	debug		LimitRight max -> 565
16.01.2014 7:56:15	debug		ViewsCharts -> 7:56:15
16.01.2014 7:56:15	debug		TemperatureCurrentLeft -> 250
16.01.2014 7:56:15	debug		LimitLeft min -> 250
16.01.2014 7:56:15	debug		LimitLeft max -> 550
16.01.2014 7:56:15	debug		TemperatureCurrentRight -> 256
16.01.2014 7:56:15	debug		LimitRight min -> 240
16.01.2014 7:56:15	debug		LimitRight max -> 565
16.01.2014 7:56:16	debug		ViewsCharts -> 7:56:16
16.01.2014 7:56:16	debug		TemperatureCurrentLeft -> 250
16.01.2014 7:56:16	debug		LimitLeft min -> 250
16.01.2014 7:56:16	debug		LimitLeft max -> 550
16.01.2014 7:56:16	debug		TemperatureCurrentRight -> 256
16.01.2014 7:56:16	debug		LimitRight min -> 240
16.01.2014 7:56:16	debug		LimitRight max -> 565
16.01.2014 7:56:17	debug		ViewsCharts -> 7:56:17
16.01.2014 7:56:17	debug		TemperatureCurrentLeft -> 250
16.01.2014 7:56:17	debug		LimitLeft min -> 250
16.01.2014 7:56:17	debug		LimitLeft max -> 550
16.01.2014 7:56:17	debug		TemperatureCurrentRight -> 256
16.01.2014 7:56:17	debug		LimitRight min -> 240
16.01.2014 7:56:17	debug		LimitRight max -> 565
16.01.2014 7:56:18	debug		ViewsCharts -> 7:56:18
16.01.2014 7:56:18	debug		TemperatureCurrentLeft -> 250
16.01.2014 7:56:18	debug		LimitLeft min -> 250
16.01.2014 7:56:18	debug		LimitLeft max -> 550
16.01.2014 7:56:18	debug		TemperatureCurrentRight -> 256
16.01.2014 7:56:18	debug		LimitRight min -> 240
16.01.2014 7:56:18	debug		LimitRight max -> 565
16.01.2014 7:56:19	debug		ViewsCharts -> 7:56:19
16.01.2014 7:56:19	debug		TemperatureCurrentLeft -> 250
16.01.2014 7:56:19	debug		LimitLeft min -> 250
16.01.2014 7:56:19	debug		LimitLeft max -> 550
16.01.2014 7:56:19	debug		SeriesCount -> 0
16.01.2014 7:56:19	debug		SeriesCount -> 1
16.01.2014 7:56:47	error		ChartException, с сообщением: Series Delete: ValueIndex 2 out of bounds (0 to -1).
16.01.2014 7:56:47	debug		TemperatureCurrentRight -> 256
16.01.2014 7:56:47	debug		LimitRight min -> 240
16.01.2014 7:56:47	debug		LimitRight max -> 565
16.01.2014 7:56:48	debug		ViewsCharts -> 7:56:48
16.01.2014 7:56:48	debug		TemperatureCurrentLeft -> 250
16.01.2014 7:56:48	debug		LimitLeft min -> 250
16.01.2014 7:56:48	debug		LimitLeft max -> 550
16.01.2014 7:56:48	debug		SeriesCount -> 0
16.01.2014 7:56:48	debug		SeriesCount -> 1
16.01.2014 7:57:51	app		start
16.01.2014 7:57:52	debug		ViewsCharts -> 7:57:52
16.01.2014 7:57:52	debug		TemperatureCurrentLeft -> 250
16.01.2014 7:57:52	debug		LimitLeft min -> 250
16.01.2014 7:57:52	debug		LimitLeft max -> 550
16.01.2014 7:57:52	debug		TemperatureCurrentRight -> 256
16.01.2014 7:57:52	debug		LimitRight min -> 240
16.01.2014 7:57:52	debug		LimitRight max -> 565
16.01.2014 7:57:53	debug		ViewsCharts -> 7:57:53
16.01.2014 7:57:53	debug		TemperatureCurrentLeft -> 250
16.01.2014 7:57:53	debug		LimitLeft min -> 250
16.01.2014 7:57:53	debug		LimitLeft max -> 550
16.01.2014 7:57:53	debug		TemperatureCurrentRight -> 256
16.01.2014 7:57:53	debug		LimitRight min -> 240
16.01.2014 7:57:53	debug		LimitRight max -> 565
16.01.2014 7:57:54	debug		ViewsCharts -> 7:57:54
16.01.2014 7:57:54	debug		TemperatureCurrentLeft -> 250
16.01.2014 7:57:54	debug		LimitLeft min -> 250
16.01.2014 7:57:54	debug		LimitLeft max -> 550
16.01.2014 7:57:54	debug		TemperatureCurrentRight -> 256
16.01.2014 7:57:54	debug		LimitRight min -> 240
16.01.2014 7:57:54	debug		LimitRight max -> 565
16.01.2014 7:57:55	debug		ViewsCharts -> 7:57:55
16.01.2014 7:57:55	debug		TemperatureCurrentLeft -> 250
16.01.2014 7:57:55	debug		LimitLeft min -> 250
16.01.2014 7:57:55	debug		LimitLeft max -> 550
16.01.2014 7:57:55	debug		TemperatureCurrentRight -> 256
16.01.2014 7:57:55	debug		LimitRight min -> 240
16.01.2014 7:57:55	debug		LimitRight max -> 565
16.01.2014 7:57:56	debug		ViewsCharts -> 7:57:56
16.01.2014 7:57:56	debug		TemperatureCurrentLeft -> 250
16.01.2014 7:57:56	debug		LimitLeft min -> 250
16.01.2014 7:57:56	debug		LimitLeft max -> 550
16.01.2014 7:57:56	debug		TemperatureCurrentRight -> 256
16.01.2014 7:57:56	debug		LimitRight min -> 240
16.01.2014 7:57:56	debug		LimitRight max -> 565
16.01.2014 7:57:57	debug		ViewsCharts -> 7:57:57
16.01.2014 7:57:57	debug		TemperatureCurrentLeft -> 250
16.01.2014 7:57:57	debug		LimitLeft min -> 250
16.01.2014 7:57:57	debug		LimitLeft max -> 550
16.01.2014 7:57:57	debug		TemperatureCurrentRight -> 256
16.01.2014 7:57:57	debug		LimitRight min -> 240
16.01.2014 7:57:57	debug		LimitRight max -> 565
16.01.2014 7:57:58	debug		ViewsCharts -> 7:57:58
16.01.2014 7:57:58	debug		TemperatureCurrentLeft -> 250
16.01.2014 7:57:58	debug		LimitLeft min -> 250
16.01.2014 7:57:58	debug		LimitLeft max -> 550
16.01.2014 7:57:58	debug		TemperatureCurrentRight -> 256
16.01.2014 7:57:58	debug		LimitRight min -> 240
16.01.2014 7:57:58	debug		LimitRight max -> 565
16.01.2014 7:57:59	debug		ViewsCharts -> 7:57:59
16.01.2014 7:57:59	debug		TemperatureCurrentLeft -> 250
16.01.2014 7:57:59	debug		LimitLeft min -> 250
16.01.2014 7:57:59	debug		LimitLeft max -> 550
16.01.2014 7:57:59	debug		TemperatureCurrentRight -> 256
16.01.2014 7:57:59	debug		LimitRight min -> 240
16.01.2014 7:57:59	debug		LimitRight max -> 565
16.01.2014 7:58:00	debug		ViewsCharts -> 7:58:00
16.01.2014 7:58:00	debug		TemperatureCurrentLeft -> 250
16.01.2014 7:58:00	debug		LimitLeft min -> 250
16.01.2014 7:58:00	debug		LimitLeft max -> 550
16.01.2014 7:58:00	debug		TemperatureCurrentRight -> 256
16.01.2014 7:58:00	debug		LimitRight min -> 240
16.01.2014 7:58:00	debug		LimitRight max -> 565
16.01.2014 7:58:01	debug		ViewsCharts -> 7:58:01
16.01.2014 7:58:01	debug		TemperatureCurrentLeft -> 250
16.01.2014 7:58:01	debug		LimitLeft min -> 250
16.01.2014 7:58:01	debug		LimitLeft max -> 550
16.01.2014 7:58:01	debug		TemperatureCurrentRight -> 256
16.01.2014 7:58:01	debug		LimitRight min -> 240
16.01.2014 7:58:01	debug		LimitRight max -> 565
16.01.2014 7:58:02	debug		ViewsCharts -> 7:58:02
16.01.2014 7:58:02	debug		TemperatureCurrentLeft -> 250
16.01.2014 7:58:02	debug		LimitLeft min -> 250
16.01.2014 7:58:02	debug		LimitLeft max -> 550
16.01.2014 7:58:02	debug		TemperatureCurrentRight -> 256
16.01.2014 7:58:02	debug		LimitRight min -> 240
16.01.2014 7:58:02	debug		LimitRight max -> 565
16.01.2014 7:58:03	debug		ViewsCharts -> 7:58:03
16.01.2014 7:58:03	debug		TemperatureCurrentLeft -> 250
16.01.2014 7:58:03	debug		LimitLeft min -> 250
16.01.2014 7:58:03	debug		LimitLeft max -> 550
16.01.2014 7:58:03	debug		SeriesCount -> 0
16.01.2014 7:58:03	debug		SeriesCount -> 1
16.01.2014 8:17:41	app		start
16.01.2014 8:17:41	debug		ViewsCharts -> 8:17:41
16.01.2014 8:17:41	debug		TemperatureCurrentLeft -> 250
16.01.2014 8:17:41	debug		LimitLeft min -> 250
16.01.2014 8:17:41	debug		LimitLeft max -> 550
16.01.2014 8:17:41	debug		TemperatureCurrentRight -> 385
16.01.2014 8:17:41	debug		LimitRight min -> 240
16.01.2014 8:17:41	debug		LimitRight max -> 565
16.01.2014 8:17:42	debug		ViewsCharts -> 8:17:42
16.01.2014 8:17:42	debug		TemperatureCurrentLeft -> 250
16.01.2014 8:17:42	debug		LimitLeft min -> 250
16.01.2014 8:17:42	debug		LimitLeft max -> 550
16.01.2014 8:17:42	debug		TemperatureCurrentRight -> 385
16.01.2014 8:17:42	debug		LimitRight min -> 240
16.01.2014 8:17:42	debug		LimitRight max -> 565
16.01.2014 8:17:43	debug		ViewsCharts -> 8:17:43
16.01.2014 8:17:43	debug		TemperatureCurrentLeft -> 250
16.01.2014 8:17:43	debug		LimitLeft min -> 250
16.01.2014 8:17:43	debug		LimitLeft max -> 550
16.01.2014 8:17:43	debug		TemperatureCurrentRight -> 304
16.01.2014 8:17:43	debug		LimitRight min -> 240
16.01.2014 8:17:43	debug		LimitRight max -> 565
16.01.2014 8:17:45	debug		ViewsCharts -> 8:17:45
16.01.2014 8:17:45	debug		TemperatureCurrentLeft -> 250
16.01.2014 8:17:45	debug		LimitLeft min -> 250
16.01.2014 8:17:45	debug		LimitLeft max -> 550
16.01.2014 8:17:45	debug		TemperatureCurrentRight -> 304
16.01.2014 8:17:45	debug		LimitRight min -> 240
16.01.2014 8:17:45	debug		LimitRight max -> 565
16.01.2014 8:17:46	debug		ViewsCharts -> 8:17:46
16.01.2014 8:17:46	debug		TemperatureCurrentLeft -> 250
16.01.2014 8:17:46	debug		LimitLeft min -> 250
16.01.2014 8:17:46	debug		LimitLeft max -> 550
16.01.2014 8:17:46	debug		TemperatureCurrentRight -> 304
16.01.2014 8:17:46	debug		LimitRight min -> 240
16.01.2014 8:17:46	debug		LimitRight max -> 565
16.01.2014 8:17:47	debug		ViewsCharts -> 8:17:47
16.01.2014 8:17:47	debug		TemperatureCurrentLeft -> 250
16.01.2014 8:17:47	debug		LimitLeft min -> 250
16.01.2014 8:17:47	debug		LimitLeft max -> 550
16.01.2014 8:17:47	debug		TemperatureCurrentRight -> 304
16.01.2014 8:17:47	debug		LimitRight min -> 240
16.01.2014 8:17:47	debug		LimitRight max -> 565
16.01.2014 8:17:48	debug		ViewsCharts -> 8:17:48
16.01.2014 8:17:48	debug		TemperatureCurrentLeft -> 250
16.01.2014 8:17:48	debug		LimitLeft min -> 250
16.01.2014 8:17:48	debug		LimitLeft max -> 550
16.01.2014 8:17:48	debug		TemperatureCurrentRight -> 373
16.01.2014 8:17:48	debug		LimitRight min -> 240
16.01.2014 8:17:48	debug		LimitRight max -> 565
16.01.2014 8:17:49	debug		ViewsCharts -> 8:17:49
16.01.2014 8:17:49	debug		TemperatureCurrentLeft -> 250
16.01.2014 8:17:49	debug		LimitLeft min -> 250
16.01.2014 8:17:49	debug		LimitLeft max -> 550
16.01.2014 8:17:49	debug		TemperatureCurrentRight -> 373
16.01.2014 8:17:49	debug		LimitRight min -> 240
16.01.2014 8:17:49	debug		LimitRight max -> 565
16.01.2014 8:17:50	debug		ViewsCharts -> 8:17:50
16.01.2014 8:17:50	debug		TemperatureCurrentLeft -> 250
16.01.2014 8:17:50	debug		LimitLeft min -> 250
16.01.2014 8:17:50	debug		LimitLeft max -> 550
16.01.2014 8:17:50	debug		TemperatureCurrentRight -> 373
16.01.2014 8:17:50	debug		LimitRight min -> 240
16.01.2014 8:17:50	debug		LimitRight max -> 565
16.01.2014 8:17:51	debug		ViewsCharts -> 8:17:51
16.01.2014 8:17:51	debug		TemperatureCurrentLeft -> 250
16.01.2014 8:17:51	debug		LimitLeft min -> 250
16.01.2014 8:17:51	debug		LimitLeft max -> 550
16.01.2014 8:17:51	debug		TemperatureCurrentRight -> 373
16.01.2014 8:17:51	debug		LimitRight min -> 240
16.01.2014 8:17:51	debug		LimitRight max -> 565
16.01.2014 8:17:52	debug		ViewsCharts -> 8:17:52
16.01.2014 8:17:52	debug		TemperatureCurrentLeft -> 250
16.01.2014 8:17:52	debug		LimitLeft min -> 250
16.01.2014 8:17:52	debug		LimitLeft max -> 550
16.01.2014 8:17:52	debug		TemperatureCurrentRight -> 344
16.01.2014 8:17:52	debug		LimitRight min -> 240
16.01.2014 8:17:52	debug		LimitRight max -> 565
16.01.2014 8:17:53	debug		ViewsCharts -> 8:17:53
16.01.2014 8:17:53	debug		TemperatureCurrentLeft -> 250
16.01.2014 8:17:53	debug		LimitLeft min -> 250
16.01.2014 8:17:53	debug		LimitLeft max -> 550
16.01.2014 8:17:53	debug		SeriesCount -> 0
16.01.2014 8:17:53	debug		SeriesCount -> 1
16.01.2014 8:17:53	debug		SeriesCount -> 2
16.01.2014 8:17:53	debug		SeriesCount -> 3
16.01.2014 8:17:53	debug		SeriesCount -> 4
16.01.2014 8:17:53	debug		SeriesCount -> 0
16.01.2014 8:17:53	debug		SeriesCount -> 1
16.01.2014 8:17:53	debug		SeriesCount -> 2
16.01.2014 8:17:53	debug		SeriesCount -> 3
16.01.2014 8:17:53	debug		SeriesCount -> 4
16.01.2014 8:17:53	debug		SeriesCount -> 0
16.01.2014 8:17:53	debug		SeriesCount -> 1
16.01.2014 8:17:53	debug		SeriesCount -> 2
16.01.2014 8:17:53	debug		SeriesCount -> 3
16.01.2014 8:17:53	debug		SeriesCount -> 4
16.01.2014 8:17:53	debug		TemperatureCurrentRight -> 344
16.01.2014 8:17:53	debug		LimitRight min -> 240
16.01.2014 8:17:53	debug		LimitRight max -> 565
16.01.2014 8:17:54	debug		ViewsCharts -> 8:17:54
16.01.2014 8:17:54	debug		TemperatureCurrentLeft -> 250
16.01.2014 8:17:54	debug		LimitLeft min -> 250
16.01.2014 8:17:54	debug		LimitLeft max -> 550
16.01.2014 8:17:54	debug		TemperatureCurrentRight -> 344
16.01.2014 8:17:54	debug		LimitRight min -> 240
16.01.2014 8:17:54	debug		LimitRight max -> 565
16.01.2014 8:17:55	debug		ViewsCharts -> 8:17:55
16.01.2014 8:17:55	debug		TemperatureCurrentLeft -> 250
16.01.2014 8:17:55	debug		LimitLeft min -> 250
16.01.2014 8:17:55	debug		LimitLeft max -> 550
16.01.2014 8:17:55	debug		TemperatureCurrentRight -> 344
16.01.2014 8:17:55	debug		LimitRight min -> 240
16.01.2014 8:17:55	debug		LimitRight max -> 565
16.01.2014 8:17:56	debug		ViewsCharts -> 8:17:56
16.01.2014 8:17:56	debug		TemperatureCurrentLeft -> 250
16.01.2014 8:17:56	debug		LimitLeft min -> 250
16.01.2014 8:17:56	debug		LimitLeft max -> 550
16.01.2014 8:17:56	debug		TemperatureCurrentRight -> 345
16.01.2014 8:17:56	debug		LimitRight min -> 240
16.01.2014 8:17:56	debug		LimitRight max -> 565
16.01.2014 8:17:57	debug		ViewsCharts -> 8:17:57
16.01.2014 8:17:57	debug		TemperatureCurrentLeft -> 250
16.01.2014 8:17:57	debug		LimitLeft min -> 250
16.01.2014 8:17:57	debug		LimitLeft max -> 550
16.01.2014 8:17:57	debug		TemperatureCurrentRight -> 345
16.01.2014 8:17:57	debug		LimitRight min -> 240
16.01.2014 8:17:57	debug		LimitRight max -> 565
16.01.2014 8:17:58	debug		ViewsCharts -> 8:17:58
16.01.2014 8:17:58	debug		TemperatureCurrentLeft -> 250
16.01.2014 8:17:58	debug		LimitLeft min -> 250
16.01.2014 8:17:58	debug		LimitLeft max -> 550
16.01.2014 8:17:58	debug		TemperatureCurrentRight -> 345
16.01.2014 8:17:58	debug		LimitRight min -> 240
16.01.2014 8:17:58	debug		LimitRight max -> 565
16.01.2014 8:18:00	debug		ViewsCharts -> 8:18:00
16.01.2014 8:18:00	debug		TemperatureCurrentLeft -> 250
16.01.2014 8:18:00	debug		LimitLeft min -> 250
16.01.2014 8:18:00	debug		LimitLeft max -> 550
16.01.2014 8:18:00	debug		TemperatureCurrentRight -> 345
16.01.2014 8:18:00	debug		LimitRight min -> 240
16.01.2014 8:18:00	debug		LimitRight max -> 565
16.01.2014 8:18:01	debug		ViewsCharts -> 8:18:01
16.01.2014 8:18:01	debug		TemperatureCurrentLeft -> 250
16.01.2014 8:18:01	debug		LimitLeft min -> 250
16.01.2014 8:18:01	debug		LimitLeft max -> 550
16.01.2014 8:18:01	debug		TemperatureCurrentRight -> 256
16.01.2014 8:18:01	debug		LimitRight min -> 240
16.01.2014 8:18:01	debug		LimitRight max -> 565
16.01.2014 8:18:02	debug		ViewsCharts -> 8:18:02
16.01.2014 8:18:02	debug		TemperatureCurrentLeft -> 250
16.01.2014 8:18:02	debug		LimitLeft min -> 250
16.01.2014 8:18:02	debug		LimitLeft max -> 550
16.01.2014 8:18:02	debug		TemperatureCurrentRight -> 256
16.01.2014 8:18:02	debug		LimitRight min -> 240
16.01.2014 8:18:02	debug		LimitRight max -> 565
16.01.2014 8:18:03	debug		ViewsCharts -> 8:18:03
16.01.2014 8:18:03	debug		TemperatureCurrentLeft -> 250
16.01.2014 8:18:03	debug		LimitLeft min -> 250
16.01.2014 8:18:03	debug		LimitLeft max -> 550
16.01.2014 8:18:03	debug		TemperatureCurrentRight -> 256
16.01.2014 8:18:03	debug		LimitRight min -> 240
16.01.2014 8:18:03	debug		LimitRight max -> 565
16.01.2014 8:18:04	debug		ViewsCharts -> 8:18:04
16.01.2014 8:18:04	debug		TemperatureCurrentLeft -> 250
16.01.2014 8:18:04	debug		LimitLeft min -> 250
16.01.2014 8:18:04	debug		LimitLeft max -> 550
16.01.2014 8:18:04	debug		SeriesCount -> 0
16.01.2014 8:18:04	debug		SeriesCount -> 1
16.01.2014 8:18:04	debug		SeriesCount -> 2
16.01.2014 8:18:04	debug		SeriesCount -> 3
16.01.2014 8:18:04	debug		SeriesCount -> 4
16.01.2014 8:18:04	debug		SeriesCount -> 0
16.01.2014 8:18:04	debug		SeriesCount -> 1
16.01.2014 8:18:04	debug		SeriesCount -> 2
16.01.2014 8:18:04	debug		SeriesCount -> 3
16.01.2014 8:18:04	debug		SeriesCount -> 4
16.01.2014 8:18:04	debug		SeriesCount -> 0
16.01.2014 8:18:04	debug		SeriesCount -> 1
16.01.2014 8:18:04	debug		SeriesCount -> 2
16.01.2014 8:18:04	debug		SeriesCount -> 3
16.01.2014 8:18:04	debug		SeriesCount -> 4
16.01.2014 8:18:04	debug		SeriesCount -> 0
16.01.2014 8:18:04	debug		SeriesCount -> 1
16.01.2014 8:18:04	debug		SeriesCount -> 2
16.01.2014 8:18:04	debug		SeriesCount -> 3
16.01.2014 8:18:04	debug		SeriesCount -> 4
16.01.2014 8:18:04	debug		SeriesCount -> 0
16.01.2014 8:18:04	debug		SeriesCount -> 1
16.01.2014 8:18:04	debug		SeriesCount -> 2
16.01.2014 8:18:04	debug		SeriesCount -> 3
16.01.2014 8:18:04	debug		SeriesCount -> 4
16.01.2014 8:18:04	debug		SeriesCount -> 0
16.01.2014 8:18:04	debug		SeriesCount -> 1
16.01.2014 8:18:04	debug		SeriesCount -> 2
16.01.2014 8:18:04	debug		SeriesCount -> 3
16.01.2014 8:18:04	debug		SeriesCount -> 4
16.01.2014 8:18:04	debug		SeriesCount -> 0
16.01.2014 8:18:04	debug		SeriesCount -> 1
16.01.2014 8:18:04	debug		SeriesCount -> 2
16.01.2014 8:18:04	debug		SeriesCount -> 3
16.01.2014 8:18:04	debug		SeriesCount -> 4
16.01.2014 8:18:04	debug		SeriesCount -> 0
16.01.2014 8:18:04	debug		SeriesCount -> 1
16.01.2014 8:18:04	debug		SeriesCount -> 2
16.01.2014 8:18:04	debug		SeriesCount -> 3
16.01.2014 8:18:04	debug		SeriesCount -> 4
16.01.2014 8:18:04	debug		SeriesCount -> 0
16.01.2014 8:18:04	debug		SeriesCount -> 1
16.01.2014 8:18:04	debug		SeriesCount -> 2
16.01.2014 8:18:04	debug		SeriesCount -> 3
16.01.2014 8:18:04	debug		SeriesCount -> 4
16.01.2014 8:18:04	debug		SeriesCount -> 0
16.01.2014 8:18:04	debug		SeriesCount -> 1
16.01.2014 8:18:04	debug		SeriesCount -> 2
16.01.2014 8:18:04	debug		SeriesCount -> 3
16.01.2014 8:18:04	debug		SeriesCount -> 4
16.01.2014 8:18:04	debug		TemperatureCurrentRight -> 359
16.01.2014 8:18:04	debug		LimitRight min -> 240
16.01.2014 8:18:04	debug		LimitRight max -> 565
16.01.2014 8:18:05	debug		ViewsCharts -> 8:18:05
16.01.2014 8:18:05	debug		TemperatureCurrentLeft -> 250
16.01.2014 8:18:05	debug		LimitLeft min -> 250
16.01.2014 8:18:05	debug		LimitLeft max -> 550
16.01.2014 8:18:05	debug		TemperatureCurrentRight -> 359
16.01.2014 8:18:05	debug		LimitRight min -> 240
16.01.2014 8:18:05	debug		LimitRight max -> 565
16.01.2014 8:18:06	debug		ViewsCharts -> 8:18:06
16.01.2014 8:18:06	debug		TemperatureCurrentLeft -> 250
16.01.2014 8:18:06	debug		LimitLeft min -> 250
16.01.2014 8:18:06	debug		LimitLeft max -> 550
16.01.2014 8:18:06	debug		TemperatureCurrentRight -> 359
16.01.2014 8:18:06	debug		LimitRight min -> 240
16.01.2014 8:18:06	debug		LimitRight max -> 565
16.01.2014 8:18:07	debug		ViewsCharts -> 8:18:07
16.01.2014 8:18:07	debug		TemperatureCurrentLeft -> 250
16.01.2014 8:18:07	debug		LimitLeft min -> 250
16.01.2014 8:18:07	debug		LimitLeft max -> 550
16.01.2014 8:18:07	debug		TemperatureCurrentRight -> 366
16.01.2014 8:18:07	debug		LimitRight min -> 240
16.01.2014 8:18:07	debug		LimitRight max -> 565
16.01.2014 8:18:08	debug		ViewsCharts -> 8:18:08
16.01.2014 8:18:08	debug		TemperatureCurrentLeft -> 250
16.01.2014 8:18:08	debug		LimitLeft min -> 250
16.01.2014 8:18:08	debug		LimitLeft max -> 550
16.01.2014 8:18:08	debug		TemperatureCurrentRight -> 366
16.01.2014 8:18:08	debug		LimitRight min -> 240
16.01.2014 8:18:08	debug		LimitRight max -> 565
16.01.2014 8:18:09	debug		ViewsCharts -> 8:18:09
16.01.2014 8:18:09	debug		TemperatureCurrentLeft -> 250
16.01.2014 8:18:09	debug		LimitLeft min -> 250
16.01.2014 8:18:09	debug		LimitLeft max -> 550
16.01.2014 8:18:09	debug		TemperatureCurrentRight -> 366
16.01.2014 8:18:09	debug		LimitRight min -> 240
16.01.2014 8:18:09	debug		LimitRight max -> 565
16.01.2014 8:18:10	debug		ViewsCharts -> 8:18:10
16.01.2014 8:18:10	debug		TemperatureCurrentLeft -> 250
16.01.2014 8:18:10	debug		LimitLeft min -> 250
16.01.2014 8:18:10	debug		LimitLeft max -> 550
16.01.2014 8:18:10	debug		TemperatureCurrentRight -> 366
16.01.2014 8:18:10	debug		LimitRight min -> 240
16.01.2014 8:18:10	debug		LimitRight max -> 565
16.01.2014 8:18:11	debug		ViewsCharts -> 8:18:11
16.01.2014 8:18:11	debug		TemperatureCurrentLeft -> 250
16.01.2014 8:18:11	debug		LimitLeft min -> 250
16.01.2014 8:18:11	debug		LimitLeft max -> 550
16.01.2014 8:18:11	debug		TemperatureCurrentRight -> 356
16.01.2014 8:18:11	debug		LimitRight min -> 240
16.01.2014 8:18:11	debug		LimitRight max -> 565
16.01.2014 8:18:13	debug		ViewsCharts -> 8:18:13
16.01.2014 8:18:13	debug		TemperatureCurrentLeft -> 250
16.01.2014 8:18:13	debug		LimitLeft min -> 250
16.01.2014 8:18:13	debug		LimitLeft max -> 550
16.01.2014 8:18:13	debug		TemperatureCurrentRight -> 356
16.01.2014 8:18:13	debug		LimitRight min -> 240
16.01.2014 8:18:13	debug		LimitRight max -> 565
16.01.2014 8:18:14	debug		ViewsCharts -> 8:18:14
16.01.2014 8:18:14	debug		TemperatureCurrentLeft -> 250
16.01.2014 8:18:14	debug		LimitLeft min -> 250
16.01.2014 8:18:14	debug		LimitLeft max -> 550
16.01.2014 8:18:14	debug		TemperatureCurrentRight -> 356
16.01.2014 8:18:14	debug		LimitRight min -> 240
16.01.2014 8:18:14	debug		LimitRight max -> 565
16.01.2014 8:18:15	debug		ViewsCharts -> 8:18:15
16.01.2014 8:18:15	debug		TemperatureCurrentLeft -> 250
16.01.2014 8:18:15	debug		LimitLeft min -> 250
16.01.2014 8:18:15	debug		LimitLeft max -> 550
16.01.2014 8:18:15	debug		SeriesCount -> 0
16.01.2014 8:18:15	debug		SeriesCount -> 1
16.01.2014 8:18:15	debug		SeriesCount -> 2
16.01.2014 8:18:15	debug		SeriesCount -> 3
16.01.2014 8:18:15	debug		SeriesCount -> 4
16.01.2014 8:18:15	debug		SeriesCount -> 0
16.01.2014 8:18:15	debug		SeriesCount -> 1
16.01.2014 8:18:15	debug		SeriesCount -> 2
16.01.2014 8:18:15	debug		SeriesCount -> 3
16.01.2014 8:18:15	debug		SeriesCount -> 4
16.01.2014 8:18:15	debug		SeriesCount -> 0
16.01.2014 8:18:15	debug		SeriesCount -> 1
16.01.2014 8:18:15	debug		SeriesCount -> 2
16.01.2014 8:18:15	debug		SeriesCount -> 3
16.01.2014 8:18:15	debug		SeriesCount -> 4
16.01.2014 8:18:15	debug		SeriesCount -> 0
16.01.2014 8:18:15	debug		SeriesCount -> 1
16.01.2014 8:18:15	debug		SeriesCount -> 2
16.01.2014 8:18:15	debug		SeriesCount -> 3
16.01.2014 8:18:15	debug		SeriesCount -> 4
16.01.2014 8:18:15	debug		SeriesCount -> 0
16.01.2014 8:18:15	debug		SeriesCount -> 1
16.01.2014 8:18:15	debug		SeriesCount -> 2
16.01.2014 8:18:15	debug		SeriesCount -> 3
16.01.2014 8:18:15	debug		SeriesCount -> 4
16.01.2014 8:18:15	debug		SeriesCount -> 0
16.01.2014 8:18:15	debug		SeriesCount -> 1
16.01.2014 8:18:15	debug		SeriesCount -> 2
16.01.2014 8:18:15	debug		SeriesCount -> 3
16.01.2014 8:18:15	debug		SeriesCount -> 4
16.01.2014 8:18:15	debug		SeriesCount -> 0
16.01.2014 8:18:15	debug		SeriesCount -> 1
16.01.2014 8:18:15	debug		SeriesCount -> 2
16.01.2014 8:18:15	debug		SeriesCount -> 3
16.01.2014 8:18:15	debug		SeriesCount -> 4
16.01.2014 8:18:15	debug		SeriesCount -> 0
16.01.2014 8:18:15	debug		SeriesCount -> 1
16.01.2014 8:18:15	debug		SeriesCount -> 2
16.01.2014 8:18:15	debug		SeriesCount -> 3
16.01.2014 8:18:15	debug		SeriesCount -> 4
16.01.2014 8:18:15	debug		SeriesCount -> 0
16.01.2014 8:18:15	debug		SeriesCount -> 1
16.01.2014 8:18:15	debug		SeriesCount -> 2
16.01.2014 8:18:15	debug		SeriesCount -> 3
16.01.2014 8:18:15	debug		SeriesCount -> 4
16.01.2014 8:18:15	debug		SeriesCount -> 0
16.01.2014 8:18:15	debug		SeriesCount -> 1
16.01.2014 8:18:15	debug		SeriesCount -> 2
16.01.2014 8:18:15	debug		SeriesCount -> 3
16.01.2014 8:18:15	debug		SeriesCount -> 4
16.01.2014 8:18:15	debug		TemperatureCurrentRight -> 356
16.01.2014 8:18:15	debug		LimitRight min -> 240
16.01.2014 8:18:15	debug		LimitRight max -> 565
16.01.2014 8:18:16	debug		ViewsCharts -> 8:18:16
16.01.2014 8:18:16	debug		TemperatureCurrentLeft -> 250
16.01.2014 8:18:16	debug		LimitLeft min -> 250
16.01.2014 8:18:16	debug		LimitLeft max -> 550
16.01.2014 8:18:16	debug		TemperatureCurrentRight -> 256
16.01.2014 8:18:16	debug		LimitRight min -> 240
16.01.2014 8:18:16	debug		LimitRight max -> 565
16.01.2014 8:19:23	app		start
16.01.2014 8:19:23	debug		ViewsCharts -> 8:19:23
16.01.2014 8:19:23	debug		TemperatureCurrentLeft -> 250
16.01.2014 8:19:23	debug		LimitLeft min -> 250
16.01.2014 8:19:23	debug		LimitLeft max -> 550
16.01.2014 8:19:23	debug		TemperatureCurrentRight -> 256
16.01.2014 8:19:23	debug		LimitRight min -> 240
16.01.2014 8:19:23	debug		LimitRight max -> 565
16.01.2014 8:19:24	debug		ViewsCharts -> 8:19:24
16.01.2014 8:19:24	debug		TemperatureCurrentLeft -> 250
16.01.2014 8:19:24	debug		LimitLeft min -> 250
16.01.2014 8:19:24	debug		LimitLeft max -> 550
16.01.2014 8:19:24	debug		TemperatureCurrentRight -> 256
16.01.2014 8:19:24	debug		LimitRight min -> 240
16.01.2014 8:19:24	debug		LimitRight max -> 565
16.01.2014 8:19:25	debug		ViewsCharts -> 8:19:25
16.01.2014 8:19:25	debug		TemperatureCurrentLeft -> 250
16.01.2014 8:19:25	debug		LimitLeft min -> 250
16.01.2014 8:19:25	debug		LimitLeft max -> 550
16.01.2014 8:19:25	debug		TemperatureCurrentRight -> 365
16.01.2014 8:19:25	debug		LimitRight min -> 240
16.01.2014 8:19:25	debug		LimitRight max -> 565
16.01.2014 8:19:27	debug		ViewsCharts -> 8:19:27
16.01.2014 8:19:27	debug		TemperatureCurrentLeft -> 250
16.01.2014 8:19:27	debug		LimitLeft min -> 250
16.01.2014 8:19:27	debug		LimitLeft max -> 550
16.01.2014 8:19:27	debug		TemperatureCurrentRight -> 365
16.01.2014 8:19:27	debug		LimitRight min -> 240
16.01.2014 8:19:27	debug		LimitRight max -> 565
16.01.2014 8:19:28	debug		ViewsCharts -> 8:19:28
16.01.2014 8:19:28	debug		TemperatureCurrentLeft -> 250
16.01.2014 8:19:28	debug		LimitLeft min -> 250
16.01.2014 8:19:28	debug		LimitLeft max -> 550
16.01.2014 8:19:28	debug		TemperatureCurrentRight -> 365
16.01.2014 8:19:28	debug		LimitRight min -> 240
16.01.2014 8:19:28	debug		LimitRight max -> 565
16.01.2014 8:19:29	debug		ViewsCharts -> 8:19:29
16.01.2014 8:19:29	debug		TemperatureCurrentLeft -> 250
16.01.2014 8:19:29	debug		LimitLeft min -> 250
16.01.2014 8:19:29	debug		LimitLeft max -> 550
16.01.2014 8:19:29	debug		TemperatureCurrentRight -> 365
16.01.2014 8:19:29	debug		LimitRight min -> 240
16.01.2014 8:19:29	debug		LimitRight max -> 565
16.01.2014 8:19:30	debug		ViewsCharts -> 8:19:30
16.01.2014 8:19:30	debug		TemperatureCurrentLeft -> 250
16.01.2014 8:19:30	debug		LimitLeft min -> 250
16.01.2014 8:19:30	debug		LimitLeft max -> 550
16.01.2014 8:19:30	debug		TemperatureCurrentRight -> 256
16.01.2014 8:19:30	debug		LimitRight min -> 240
16.01.2014 8:19:30	debug		LimitRight max -> 565
16.01.2014 8:19:31	debug		ViewsCharts -> 8:19:31
16.01.2014 8:19:31	debug		TemperatureCurrentLeft -> 250
16.01.2014 8:19:31	debug		LimitLeft min -> 250
16.01.2014 8:19:31	debug		LimitLeft max -> 550
16.01.2014 8:19:31	debug		TemperatureCurrentRight -> 256
16.01.2014 8:19:31	debug		LimitRight min -> 240
16.01.2014 8:19:31	debug		LimitRight max -> 565
16.01.2014 8:19:32	debug		ViewsCharts -> 8:19:32
16.01.2014 8:19:32	debug		TemperatureCurrentLeft -> 250
16.01.2014 8:19:32	debug		LimitLeft min -> 250
16.01.2014 8:19:32	debug		LimitLeft max -> 550
16.01.2014 8:19:32	debug		TemperatureCurrentRight -> 256
16.01.2014 8:19:32	debug		LimitRight min -> 240
16.01.2014 8:19:32	debug		LimitRight max -> 565
16.01.2014 8:19:33	debug		ViewsCharts -> 8:19:33
16.01.2014 8:19:33	debug		TemperatureCurrentLeft -> 250
16.01.2014 8:19:33	debug		LimitLeft min -> 250
16.01.2014 8:19:33	debug		LimitLeft max -> 550
16.01.2014 8:19:33	debug		TemperatureCurrentRight -> 256
16.01.2014 8:19:33	debug		LimitRight min -> 240
16.01.2014 8:19:33	debug		LimitRight max -> 565
16.01.2014 8:19:34	debug		ViewsCharts -> 8:19:34
16.01.2014 8:19:34	debug		TemperatureCurrentLeft -> 250
16.01.2014 8:19:34	debug		LimitLeft min -> 250
16.01.2014 8:19:34	debug		LimitLeft max -> 550
16.01.2014 8:19:34	debug		TemperatureCurrentRight -> 256
16.01.2014 8:19:34	debug		LimitRight min -> 240
16.01.2014 8:19:34	debug		LimitRight max -> 565
16.01.2014 8:19:35	debug		ViewsCharts -> 8:19:35
16.01.2014 8:19:35	debug		TemperatureCurrentLeft -> 250
16.01.2014 8:19:35	debug		LimitLeft min -> 250
16.01.2014 8:19:35	debug		LimitLeft max -> 550
16.01.2014 8:19:35	debug		SeriesCount -> 0
16.01.2014 8:19:35	debug		SeriesCount -> 1
16.01.2014 8:19:35	debug		SeriesCount -> 2
16.01.2014 8:19:35	debug		SeriesCount -> 3
16.01.2014 8:19:35	debug		SeriesCount -> 4
16.01.2014 8:19:35	debug		SeriesCount -> 0
16.01.2014 8:19:35	debug		SeriesCount -> 1
16.01.2014 8:19:35	debug		SeriesCount -> 2
16.01.2014 8:19:35	debug		SeriesCount -> 3
16.01.2014 8:19:35	debug		SeriesCount -> 4
16.01.2014 8:19:35	debug		SeriesCount -> 0
16.01.2014 8:19:35	debug		SeriesCount -> 1
16.01.2014 8:19:35	debug		SeriesCount -> 2
16.01.2014 8:19:35	debug		SeriesCount -> 3
16.01.2014 8:19:35	debug		SeriesCount -> 4
16.01.2014 8:19:35	debug		TemperatureCurrentRight -> 256
16.01.2014 8:19:35	debug		LimitRight min -> 240
16.01.2014 8:19:35	debug		LimitRight max -> 565
16.01.2014 8:19:36	debug		ViewsCharts -> 8:19:36
16.01.2014 8:19:36	debug		TemperatureCurrentLeft -> 250
16.01.2014 8:19:36	debug		LimitLeft min -> 250
16.01.2014 8:19:36	debug		LimitLeft max -> 550
16.01.2014 8:19:36	debug		TemperatureCurrentRight -> 256
16.01.2014 8:19:36	debug		LimitRight min -> 240
16.01.2014 8:19:36	debug		LimitRight max -> 565
16.01.2014 8:19:37	debug		ViewsCharts -> 8:19:37
16.01.2014 8:19:37	debug		TemperatureCurrentLeft -> 250
16.01.2014 8:19:37	debug		LimitLeft min -> 250
16.01.2014 8:19:37	debug		LimitLeft max -> 550
16.01.2014 8:19:37	debug		TemperatureCurrentRight -> 256
16.01.2014 8:19:37	debug		LimitRight min -> 240
16.01.2014 8:19:37	debug		LimitRight max -> 565
16.01.2014 8:19:38	debug		ViewsCharts -> 8:19:38
16.01.2014 8:19:38	debug		TemperatureCurrentLeft -> 250
16.01.2014 8:19:38	debug		LimitLeft min -> 250
16.01.2014 8:19:38	debug		LimitLeft max -> 550
16.01.2014 8:19:38	debug		TemperatureCurrentRight -> 256
16.01.2014 8:19:38	debug		LimitRight min -> 240
16.01.2014 8:19:38	debug		LimitRight max -> 565
16.01.2014 8:19:39	debug		ViewsCharts -> 8:19:39
16.01.2014 8:19:39	debug		TemperatureCurrentLeft -> 250
16.01.2014 8:19:39	debug		LimitLeft min -> 250
16.01.2014 8:19:39	debug		LimitLeft max -> 550
16.01.2014 8:19:39	debug		TemperatureCurrentRight -> 256
16.01.2014 8:19:39	debug		LimitRight min -> 240
16.01.2014 8:19:39	debug		LimitRight max -> 565
16.01.2014 8:19:40	debug		ViewsCharts -> 8:19:40
16.01.2014 8:19:40	debug		TemperatureCurrentLeft -> 250
16.01.2014 8:19:40	debug		LimitLeft min -> 250
16.01.2014 8:19:40	debug		LimitLeft max -> 550
16.01.2014 8:19:40	debug		TemperatureCurrentRight -> 256
16.01.2014 8:19:41	debug		LimitRight min -> 240
16.01.2014 8:19:41	debug		LimitRight max -> 565
16.01.2014 8:19:42	debug		ViewsCharts -> 8:19:42
16.01.2014 8:19:42	debug		TemperatureCurrentLeft -> 250
16.01.2014 8:19:42	debug		LimitLeft min -> 250
16.01.2014 8:19:42	debug		LimitLeft max -> 550
16.01.2014 8:19:42	debug		TemperatureCurrentRight -> 256
16.01.2014 8:19:42	debug		LimitRight min -> 240
16.01.2014 8:19:42	debug		LimitRight max -> 565
16.01.2014 8:19:43	debug		ViewsCharts -> 8:19:43
16.01.2014 8:19:43	debug		TemperatureCurrentLeft -> 250
16.01.2014 8:19:43	debug		LimitLeft min -> 250
16.01.2014 8:19:43	debug		LimitLeft max -> 550
16.01.2014 8:19:43	debug		TemperatureCurrentRight -> 256
16.01.2014 8:19:43	debug		LimitRight min -> 240
16.01.2014 8:19:43	debug		LimitRight max -> 565
16.01.2014 8:19:44	debug		ViewsCharts -> 8:19:44
16.01.2014 8:19:44	debug		TemperatureCurrentLeft -> 250
16.01.2014 8:19:44	debug		LimitLeft min -> 250
16.01.2014 8:19:44	debug		LimitLeft max -> 550
16.01.2014 8:19:44	debug		TemperatureCurrentRight -> 256
16.01.2014 8:19:44	debug		LimitRight min -> 240
16.01.2014 8:19:44	debug		LimitRight max -> 565
16.01.2014 8:19:45	debug		ViewsCharts -> 8:19:45
16.01.2014 8:19:45	debug		TemperatureCurrentLeft -> 250
16.01.2014 8:19:45	debug		LimitLeft min -> 250
16.01.2014 8:19:45	debug		LimitLeft max -> 550
16.01.2014 8:19:45	debug		TemperatureCurrentRight -> 256
16.01.2014 8:19:45	debug		LimitRight min -> 240
16.01.2014 8:19:45	debug		LimitRight max -> 565
16.01.2014 8:19:46	debug		ViewsCharts -> 8:19:46
16.01.2014 8:19:46	debug		TemperatureCurrentLeft -> 250
16.01.2014 8:19:46	debug		LimitLeft min -> 250
16.01.2014 8:19:46	debug		LimitLeft max -> 550
16.01.2014 8:19:46	debug		SeriesCount -> 0
16.01.2014 8:19:46	debug		SeriesCount -> 1
16.01.2014 8:19:46	debug		SeriesCount -> 2
16.01.2014 8:19:46	debug		SeriesCount -> 3
16.01.2014 8:19:46	debug		SeriesCount -> 4
16.01.2014 8:19:46	debug		SeriesCount -> 0
16.01.2014 8:19:46	debug		SeriesCount -> 1
16.01.2014 8:19:46	debug		SeriesCount -> 2
16.01.2014 8:19:46	debug		SeriesCount -> 3
16.01.2014 8:19:46	debug		SeriesCount -> 4
16.01.2014 8:19:46	debug		SeriesCount -> 0
16.01.2014 8:19:46	debug		SeriesCount -> 1
16.01.2014 8:19:46	debug		SeriesCount -> 2
16.01.2014 8:19:46	debug		SeriesCount -> 3
16.01.2014 8:19:46	debug		SeriesCount -> 4
16.01.2014 8:19:46	debug		SeriesCount -> 0
16.01.2014 8:19:46	debug		SeriesCount -> 1
16.01.2014 8:19:46	debug		SeriesCount -> 2
16.01.2014 8:19:46	debug		SeriesCount -> 3
16.01.2014 8:19:46	debug		SeriesCount -> 4
16.01.2014 8:19:46	debug		SeriesCount -> 0
16.01.2014 8:19:46	debug		SeriesCount -> 1
16.01.2014 8:19:46	debug		SeriesCount -> 2
16.01.2014 8:19:46	debug		SeriesCount -> 3
16.01.2014 8:19:46	debug		SeriesCount -> 4
16.01.2014 8:19:46	debug		SeriesCount -> 0
16.01.2014 8:19:46	debug		SeriesCount -> 1
16.01.2014 8:19:46	debug		SeriesCount -> 2
16.01.2014 8:19:46	debug		SeriesCount -> 3
16.01.2014 8:19:46	debug		SeriesCount -> 4
16.01.2014 8:19:46	debug		SeriesCount -> 0
16.01.2014 8:19:46	debug		SeriesCount -> 1
16.01.2014 8:19:46	debug		SeriesCount -> 2
16.01.2014 8:19:46	debug		SeriesCount -> 3
16.01.2014 8:19:46	debug		SeriesCount -> 4
16.01.2014 8:19:46	debug		SeriesCount -> 0
16.01.2014 8:19:46	debug		SeriesCount -> 1
16.01.2014 8:19:46	debug		SeriesCount -> 2
16.01.2014 8:19:46	debug		SeriesCount -> 3
16.01.2014 8:19:46	debug		SeriesCount -> 4
16.01.2014 8:19:46	debug		SeriesCount -> 0
16.01.2014 8:19:46	debug		SeriesCount -> 1
16.01.2014 8:19:46	debug		SeriesCount -> 2
16.01.2014 8:19:46	debug		SeriesCount -> 3
16.01.2014 8:19:46	debug		SeriesCount -> 4
16.01.2014 8:19:46	debug		SeriesCount -> 0
16.01.2014 8:19:46	debug		SeriesCount -> 1
16.01.2014 8:19:46	debug		SeriesCount -> 2
16.01.2014 8:19:46	debug		SeriesCount -> 3
16.01.2014 8:19:46	debug		SeriesCount -> 4
16.01.2014 8:19:46	debug		TemperatureCurrentRight -> 256
16.01.2014 8:19:46	debug		LimitRight min -> 240
16.01.2014 8:19:46	debug		LimitRight max -> 565
16.01.2014 8:19:47	debug		ViewsCharts -> 8:19:47
16.01.2014 8:19:47	debug		TemperatureCurrentLeft -> 250
16.01.2014 8:19:47	debug		LimitLeft min -> 250
16.01.2014 8:19:47	debug		LimitLeft max -> 550
16.01.2014 8:19:47	debug		TemperatureCurrentRight -> 256
16.01.2014 8:19:47	debug		LimitRight min -> 240
16.01.2014 8:19:47	debug		LimitRight max -> 565
16.01.2014 8:19:48	debug		ViewsCharts -> 8:19:48
16.01.2014 8:19:48	debug		TemperatureCurrentLeft -> 250
16.01.2014 8:19:48	debug		LimitLeft min -> 250
16.01.2014 8:19:48	debug		LimitLeft max -> 550
16.01.2014 8:19:48	debug		TemperatureCurrentRight -> 256
16.01.2014 8:19:48	debug		LimitRight min -> 240
16.01.2014 8:19:48	debug		LimitRight max -> 565
16.01.2014 8:19:49	debug		ViewsCharts -> 8:19:49
16.01.2014 8:19:49	debug		TemperatureCurrentLeft -> 250
16.01.2014 8:19:49	debug		LimitLeft min -> 250
16.01.2014 8:19:49	debug		LimitLeft max -> 550
16.01.2014 8:19:49	debug		TemperatureCurrentRight -> 256
16.01.2014 8:19:49	debug		LimitRight min -> 240
16.01.2014 8:19:49	debug		LimitRight max -> 565
16.01.2014 8:19:50	debug		ViewsCharts -> 8:19:50
16.01.2014 8:19:50	debug		TemperatureCurrentLeft -> 250
16.01.2014 8:19:50	debug		LimitLeft min -> 250
16.01.2014 8:19:50	debug		LimitLeft max -> 550
16.01.2014 8:19:50	debug		TemperatureCurrentRight -> 256
16.01.2014 8:19:50	debug		LimitRight min -> 240
16.01.2014 8:19:50	debug		LimitRight max -> 565
16.01.2014 8:19:51	debug		ViewsCharts -> 8:19:51
16.01.2014 8:19:51	debug		TemperatureCurrentLeft -> 250
16.01.2014 8:19:51	debug		LimitLeft min -> 250
16.01.2014 8:19:51	debug		LimitLeft max -> 550
16.01.2014 8:19:51	debug		TemperatureCurrentRight -> 256
16.01.2014 8:19:51	debug		LimitRight min -> 240
16.01.2014 8:19:51	debug		LimitRight max -> 565
16.01.2014 8:19:52	debug		ViewsCharts -> 8:19:52
16.01.2014 8:19:52	debug		TemperatureCurrentLeft -> 250
16.01.2014 8:19:52	debug		LimitLeft min -> 250
16.01.2014 8:19:52	debug		LimitLeft max -> 550
16.01.2014 8:19:52	debug		TemperatureCurrentRight -> 256
16.01.2014 8:19:52	debug		LimitRight min -> 240
16.01.2014 8:19:52	debug		LimitRight max -> 565
16.01.2014 8:19:53	debug		ViewsCharts -> 8:19:53
16.01.2014 8:19:53	debug		TemperatureCurrentLeft -> 250
16.01.2014 8:19:53	debug		LimitLeft min -> 250
16.01.2014 8:19:53	debug		LimitLeft max -> 550
16.01.2014 8:19:53	debug		TemperatureCurrentRight -> 256
16.01.2014 8:19:53	debug		LimitRight min -> 240
16.01.2014 8:19:53	debug		LimitRight max -> 565
16.01.2014 8:19:55	debug		ViewsCharts -> 8:19:55
16.01.2014 8:19:55	debug		TemperatureCurrentLeft -> 250
16.01.2014 8:19:55	debug		LimitLeft min -> 250
16.01.2014 8:19:55	debug		LimitLeft max -> 550
16.01.2014 8:19:55	debug		TemperatureCurrentRight -> 256
16.01.2014 8:19:55	debug		LimitRight min -> 240
16.01.2014 8:19:55	debug		LimitRight max -> 565
16.01.2014 8:19:56	debug		ViewsCharts -> 8:19:56
16.01.2014 8:19:56	debug		TemperatureCurrentLeft -> 250
16.01.2014 8:19:56	debug		LimitLeft min -> 250
16.01.2014 8:19:56	debug		LimitLeft max -> 550
16.01.2014 8:19:56	debug		TemperatureCurrentRight -> 256
16.01.2014 8:19:56	debug		LimitRight min -> 240
16.01.2014 8:19:56	debug		LimitRight max -> 565
16.01.2014 8:19:57	debug		ViewsCharts -> 8:19:57
16.01.2014 8:19:57	debug		TemperatureCurrentLeft -> 250
16.01.2014 8:19:57	debug		LimitLeft min -> 250
16.01.2014 8:19:57	debug		LimitLeft max -> 550
16.01.2014 8:19:57	debug		SeriesCount -> 0
16.01.2014 8:19:57	debug		SeriesCount -> 1
16.01.2014 8:19:57	debug		SeriesCount -> 2
16.01.2014 8:19:57	debug		SeriesCount -> 3
16.01.2014 8:19:57	debug		SeriesCount -> 4
16.01.2014 8:19:57	debug		SeriesCount -> 0
16.01.2014 8:19:57	debug		SeriesCount -> 1
16.01.2014 8:19:57	debug		SeriesCount -> 2
16.01.2014 8:19:57	debug		SeriesCount -> 3
16.01.2014 8:19:57	debug		SeriesCount -> 4
16.01.2014 8:19:57	debug		SeriesCount -> 0
16.01.2014 8:19:57	debug		SeriesCount -> 1
16.01.2014 8:19:57	debug		SeriesCount -> 2
16.01.2014 8:19:57	debug		SeriesCount -> 3
16.01.2014 8:19:57	debug		SeriesCount -> 4
16.01.2014 8:19:57	debug		SeriesCount -> 0
16.01.2014 8:19:57	debug		SeriesCount -> 1
16.01.2014 8:19:57	debug		SeriesCount -> 2
16.01.2014 8:19:57	debug		SeriesCount -> 3
16.01.2014 8:19:57	debug		SeriesCount -> 4
16.01.2014 8:19:57	debug		SeriesCount -> 0
16.01.2014 8:19:57	debug		SeriesCount -> 1
16.01.2014 8:19:57	debug		SeriesCount -> 2
16.01.2014 8:19:57	debug		SeriesCount -> 3
16.01.2014 8:19:57	debug		SeriesCount -> 4
16.01.2014 8:19:57	debug		SeriesCount -> 0
16.01.2014 8:19:57	debug		SeriesCount -> 1
16.01.2014 8:19:57	debug		SeriesCount -> 2
16.01.2014 8:19:57	debug		SeriesCount -> 3
16.01.2014 8:19:57	debug		SeriesCount -> 4
16.01.2014 8:19:57	debug		SeriesCount -> 0
16.01.2014 8:19:57	debug		SeriesCount -> 1
16.01.2014 8:19:57	debug		SeriesCount -> 2
16.01.2014 8:19:57	debug		SeriesCount -> 3
16.01.2014 8:19:57	debug		SeriesCount -> 4
16.01.2014 8:19:57	debug		SeriesCount -> 0
16.01.2014 8:19:57	debug		SeriesCount -> 1
16.01.2014 8:19:57	debug		SeriesCount -> 2
16.01.2014 8:19:57	debug		SeriesCount -> 3
16.01.2014 8:19:57	debug		SeriesCount -> 4
16.01.2014 8:19:57	debug		SeriesCount -> 0
16.01.2014 8:19:57	debug		SeriesCount -> 1
16.01.2014 8:19:57	debug		SeriesCount -> 2
16.01.2014 8:19:57	debug		SeriesCount -> 3
16.01.2014 8:19:57	debug		SeriesCount -> 4
16.01.2014 8:19:57	debug		SeriesCount -> 0
16.01.2014 8:19:57	debug		SeriesCount -> 1
16.01.2014 8:19:57	debug		SeriesCount -> 2
16.01.2014 8:19:57	debug		SeriesCount -> 3
16.01.2014 8:19:57	debug		SeriesCount -> 4
16.01.2014 8:19:57	debug		TemperatureCurrentRight -> 256
16.01.2014 8:19:57	debug		LimitRight min -> 240
16.01.2014 8:19:57	debug		LimitRight max -> 565
16.01.2014 8:19:58	debug		ViewsCharts -> 8:19:58
16.01.2014 8:19:58	debug		TemperatureCurrentLeft -> 250
16.01.2014 8:19:58	debug		LimitLeft min -> 250
16.01.2014 8:19:58	debug		LimitLeft max -> 550
16.01.2014 8:19:58	debug		TemperatureCurrentRight -> 256
16.01.2014 8:19:58	debug		LimitRight min -> 240
16.01.2014 8:19:58	debug		LimitRight max -> 565
16.01.2014 8:19:59	debug		ViewsCharts -> 8:19:59
16.01.2014 8:19:59	debug		TemperatureCurrentLeft -> 250
16.01.2014 8:19:59	debug		LimitLeft min -> 250
16.01.2014 8:19:59	debug		LimitLeft max -> 550
16.01.2014 8:19:59	debug		TemperatureCurrentRight -> 256
16.01.2014 8:19:59	debug		LimitRight min -> 240
16.01.2014 8:19:59	debug		LimitRight max -> 565
16.01.2014 8:20:00	debug		ViewsCharts -> 8:20:00
16.01.2014 8:20:00	debug		TemperatureCurrentLeft -> 250
16.01.2014 8:20:00	debug		LimitLeft min -> 250
16.01.2014 8:20:00	debug		LimitLeft max -> 550
16.01.2014 8:20:00	debug		TemperatureCurrentRight -> 256
16.01.2014 8:20:00	debug		LimitRight min -> 240
16.01.2014 8:20:00	debug		LimitRight max -> 565
16.01.2014 8:20:01	debug		ViewsCharts -> 8:20:01
16.01.2014 8:20:01	debug		TemperatureCurrentLeft -> 250
16.01.2014 8:20:01	debug		LimitLeft min -> 250
16.01.2014 8:20:01	debug		LimitLeft max -> 550
16.01.2014 8:20:01	debug		TemperatureCurrentRight -> 256
16.01.2014 8:20:01	debug		LimitRight min -> 240
16.01.2014 8:20:01	debug		LimitRight max -> 565
16.01.2014 8:20:50	app		start
16.01.2014 8:20:51	debug		ViewsCharts -> 8:20:51
16.01.2014 8:20:51	debug		TemperatureCurrentLeft -> 250
16.01.2014 8:20:51	debug		LimitLeft min -> 250
16.01.2014 8:20:51	debug		LimitLeft max -> 550
16.01.2014 8:20:51	debug		TemperatureCurrentRight -> 256
16.01.2014 8:20:51	debug		LimitRight min -> 240
16.01.2014 8:20:51	debug		LimitRight max -> 565
16.01.2014 8:20:52	debug		ViewsCharts -> 8:20:52
16.01.2014 8:20:52	debug		TemperatureCurrentLeft -> 250
16.01.2014 8:20:52	debug		LimitLeft min -> 250
16.01.2014 8:20:52	debug		LimitLeft max -> 550
16.01.2014 8:20:52	debug		TemperatureCurrentRight -> 256
16.01.2014 8:20:52	debug		LimitRight min -> 240
16.01.2014 8:20:52	debug		LimitRight max -> 565
16.01.2014 8:20:53	debug		ViewsCharts -> 8:20:53
16.01.2014 8:20:53	debug		TemperatureCurrentLeft -> 250
16.01.2014 8:20:53	debug		LimitLeft min -> 250
16.01.2014 8:20:53	debug		LimitLeft max -> 550
16.01.2014 8:20:53	debug		TemperatureCurrentRight -> 256
16.01.2014 8:20:53	debug		LimitRight min -> 240
16.01.2014 8:20:53	debug		LimitRight max -> 565
16.01.2014 8:20:54	debug		ViewsCharts -> 8:20:54
16.01.2014 8:20:54	debug		TemperatureCurrentLeft -> 250
16.01.2014 8:20:54	debug		LimitLeft min -> 250
16.01.2014 8:20:54	debug		LimitLeft max -> 550
16.01.2014 8:20:54	debug		TemperatureCurrentRight -> 256
16.01.2014 8:20:54	debug		LimitRight min -> 240
16.01.2014 8:20:54	debug		LimitRight max -> 565
16.01.2014 8:20:55	debug		ViewsCharts -> 8:20:55
16.01.2014 8:20:55	debug		TemperatureCurrentLeft -> 250
16.01.2014 8:20:55	debug		LimitLeft min -> 250
16.01.2014 8:20:55	debug		LimitLeft max -> 550
16.01.2014 8:20:55	debug		TemperatureCurrentRight -> 256
16.01.2014 8:20:55	debug		LimitRight min -> 240
16.01.2014 8:20:55	debug		LimitRight max -> 565
16.01.2014 8:20:56	debug		ViewsCharts -> 8:20:56
16.01.2014 8:20:56	debug		TemperatureCurrentLeft -> 250
16.01.2014 8:20:56	debug		LimitLeft min -> 250
16.01.2014 8:20:56	debug		LimitLeft max -> 550
16.01.2014 8:20:56	debug		TemperatureCurrentRight -> 256
16.01.2014 8:20:56	debug		LimitRight min -> 240
16.01.2014 8:20:56	debug		LimitRight max -> 565
16.01.2014 8:20:57	debug		ViewsCharts -> 8:20:57
16.01.2014 8:20:57	debug		TemperatureCurrentLeft -> 250
16.01.2014 8:20:57	debug		LimitLeft min -> 250
16.01.2014 8:20:57	debug		LimitLeft max -> 550
16.01.2014 8:20:57	debug		TemperatureCurrentRight -> 256
16.01.2014 8:20:57	debug		LimitRight min -> 240
16.01.2014 8:20:57	debug		LimitRight max -> 565
16.01.2014 8:20:58	debug		ViewsCharts -> 8:20:58
16.01.2014 8:20:58	debug		TemperatureCurrentLeft -> 250
16.01.2014 8:20:58	debug		LimitLeft min -> 250
16.01.2014 8:20:58	debug		LimitLeft max -> 550
16.01.2014 8:20:58	debug		TemperatureCurrentRight -> 256
16.01.2014 8:20:58	debug		LimitRight min -> 240
16.01.2014 8:20:58	debug		LimitRight max -> 565
16.01.2014 8:20:59	debug		ViewsCharts -> 8:20:59
16.01.2014 8:20:59	debug		TemperatureCurrentLeft -> 250
16.01.2014 8:20:59	debug		LimitLeft min -> 250
16.01.2014 8:20:59	debug		LimitLeft max -> 550
16.01.2014 8:20:59	debug		TemperatureCurrentRight -> 256
16.01.2014 8:20:59	debug		LimitRight min -> 240
16.01.2014 8:20:59	debug		LimitRight max -> 565
16.01.2014 8:21:00	debug		ViewsCharts -> 8:21:00
16.01.2014 8:21:00	debug		TemperatureCurrentLeft -> 250
16.01.2014 8:21:00	debug		LimitLeft min -> 250
16.01.2014 8:21:00	debug		LimitLeft max -> 550
16.01.2014 8:21:00	debug		TemperatureCurrentRight -> 256
16.01.2014 8:21:00	debug		LimitRight min -> 240
16.01.2014 8:21:00	debug		LimitRight max -> 565
16.01.2014 8:21:01	debug		ViewsCharts -> 8:21:01
16.01.2014 8:21:01	debug		TemperatureCurrentLeft -> 250
16.01.2014 8:21:01	debug		LimitLeft min -> 250
16.01.2014 8:21:01	debug		LimitLeft max -> 550
16.01.2014 8:21:01	debug		TemperatureCurrentRight -> 256
16.01.2014 8:21:01	debug		LimitRight min -> 240
16.01.2014 8:21:01	debug		LimitRight max -> 565
16.01.2014 8:21:03	debug		ViewsCharts -> 8:21:03
16.01.2014 8:21:03	debug		TemperatureCurrentLeft -> 250
16.01.2014 8:21:03	debug		LimitLeft min -> 250
16.01.2014 8:21:03	debug		LimitLeft max -> 550
16.01.2014 8:21:03	debug		SeriesCount -> 0
16.01.2014 8:21:03	debug		SeriesCount -> 1
16.01.2014 8:21:03	debug		SeriesCount -> 2
16.01.2014 8:21:03	debug		SeriesCount -> 3
16.01.2014 8:21:03	debug		SeriesCount -> 4
16.01.2014 8:21:03	debug		SeriesCount -> 0
16.01.2014 8:21:03	debug		SeriesCount -> 1
16.01.2014 8:21:03	debug		SeriesCount -> 2
16.01.2014 8:21:03	debug		SeriesCount -> 3
16.01.2014 8:21:03	debug		SeriesCount -> 4
16.01.2014 8:21:03	debug		SeriesCount -> 0
16.01.2014 8:21:03	debug		SeriesCount -> 1
16.01.2014 8:21:03	debug		SeriesCount -> 2
16.01.2014 8:21:03	debug		SeriesCount -> 3
16.01.2014 8:21:03	debug		SeriesCount -> 4
16.01.2014 8:21:03	debug		TemperatureCurrentRight -> 256
16.01.2014 8:21:03	debug		LimitRight min -> 240
16.01.2014 8:21:03	debug		LimitRight max -> 565
16.01.2014 8:21:04	debug		ViewsCharts -> 8:21:04
16.01.2014 8:21:04	debug		TemperatureCurrentLeft -> 250
16.01.2014 8:21:04	debug		LimitLeft min -> 250
16.01.2014 8:21:04	debug		LimitLeft max -> 550
16.01.2014 8:21:04	debug		TemperatureCurrentRight -> 256
16.01.2014 8:21:04	debug		LimitRight min -> 240
16.01.2014 8:21:04	debug		LimitRight max -> 565
16.01.2014 8:21:05	debug		ViewsCharts -> 8:21:05
16.01.2014 8:21:05	debug		TemperatureCurrentLeft -> 250
16.01.2014 8:21:05	debug		LimitLeft min -> 250
16.01.2014 8:21:05	debug		LimitLeft max -> 550
16.01.2014 8:21:05	debug		TemperatureCurrentRight -> 256
16.01.2014 8:21:05	debug		LimitRight min -> 240
16.01.2014 8:21:05	debug		LimitRight max -> 565
16.01.2014 8:21:06	debug		ViewsCharts -> 8:21:06
16.01.2014 8:21:06	debug		TemperatureCurrentLeft -> 250
16.01.2014 8:21:06	debug		LimitLeft min -> 250
16.01.2014 8:21:06	debug		LimitLeft max -> 550
16.01.2014 8:21:06	debug		TemperatureCurrentRight -> 256
16.01.2014 8:21:06	debug		LimitRight min -> 240
16.01.2014 8:21:06	debug		LimitRight max -> 565
16.01.2014 8:21:07	debug		ViewsCharts -> 8:21:07
16.01.2014 8:21:07	debug		TemperatureCurrentLeft -> 250
16.01.2014 8:21:07	debug		LimitLeft min -> 250
16.01.2014 8:21:07	debug		LimitLeft max -> 550
16.01.2014 8:21:07	debug		TemperatureCurrentRight -> 256
16.01.2014 8:21:07	debug		LimitRight min -> 240
16.01.2014 8:21:07	debug		LimitRight max -> 565
16.01.2014 8:21:08	debug		ViewsCharts -> 8:21:08
16.01.2014 8:21:08	debug		TemperatureCurrentLeft -> 250
16.01.2014 8:21:08	debug		LimitLeft min -> 250
16.01.2014 8:21:08	debug		LimitLeft max -> 550
16.01.2014 8:21:08	debug		TemperatureCurrentRight -> 256
16.01.2014 8:21:08	debug		LimitRight min -> 240
16.01.2014 8:21:08	debug		LimitRight max -> 565
16.01.2014 8:21:09	debug		ViewsCharts -> 8:21:09
16.01.2014 8:21:09	debug		TemperatureCurrentLeft -> 250
16.01.2014 8:21:09	debug		LimitLeft min -> 250
16.01.2014 8:21:09	debug		LimitLeft max -> 550
16.01.2014 8:21:09	debug		TemperatureCurrentRight -> 256
16.01.2014 8:21:09	debug		LimitRight min -> 240
16.01.2014 8:21:09	debug		LimitRight max -> 565
16.01.2014 8:21:10	debug		ViewsCharts -> 8:21:10
16.01.2014 8:21:10	debug		TemperatureCurrentLeft -> 250
16.01.2014 8:21:10	debug		LimitLeft min -> 250
16.01.2014 8:21:10	debug		LimitLeft max -> 550
16.01.2014 8:21:10	debug		TemperatureCurrentRight -> 256
16.01.2014 8:21:10	debug		LimitRight min -> 240
16.01.2014 8:21:10	debug		LimitRight max -> 565
16.01.2014 8:21:11	debug		ViewsCharts -> 8:21:11
16.01.2014 8:21:11	debug		TemperatureCurrentLeft -> 250
16.01.2014 8:21:11	debug		LimitLeft min -> 250
16.01.2014 8:21:11	debug		LimitLeft max -> 550
16.01.2014 8:21:11	debug		TemperatureCurrentRight -> 256
16.01.2014 8:21:11	debug		LimitRight min -> 240
16.01.2014 8:21:11	debug		LimitRight max -> 565
16.01.2014 8:21:12	debug		ViewsCharts -> 8:21:12
16.01.2014 8:21:12	debug		TemperatureCurrentLeft -> 250
16.01.2014 8:21:12	debug		LimitLeft min -> 250
16.01.2014 8:21:12	debug		LimitLeft max -> 550
16.01.2014 8:21:12	debug		TemperatureCurrentRight -> 256
16.01.2014 8:21:12	debug		LimitRight min -> 240
16.01.2014 8:21:12	debug		LimitRight max -> 565
16.01.2014 8:21:13	debug		ViewsCharts -> 8:21:13
16.01.2014 8:21:13	debug		TemperatureCurrentLeft -> 250
16.01.2014 8:21:13	debug		LimitLeft min -> 250
16.01.2014 8:21:13	debug		LimitLeft max -> 550
16.01.2014 8:21:13	debug		SeriesCount -> 0
16.01.2014 8:21:13	debug		SeriesCount -> 1
16.01.2014 8:21:13	debug		SeriesCount -> 2
16.01.2014 8:21:13	debug		SeriesCount -> 3
16.01.2014 8:21:13	debug		SeriesCount -> 4
16.01.2014 8:21:13	debug		SeriesCount -> 0
16.01.2014 8:21:13	debug		SeriesCount -> 1
16.01.2014 8:21:13	debug		SeriesCount -> 2
16.01.2014 8:21:13	debug		SeriesCount -> 3
16.01.2014 8:21:13	debug		SeriesCount -> 4
16.01.2014 8:21:13	debug		SeriesCount -> 0
16.01.2014 8:21:13	debug		SeriesCount -> 1
16.01.2014 8:21:13	debug		SeriesCount -> 2
16.01.2014 8:21:13	debug		SeriesCount -> 3
16.01.2014 8:21:13	debug		SeriesCount -> 4
16.01.2014 8:21:13	debug		SeriesCount -> 0
16.01.2014 8:21:13	debug		SeriesCount -> 1
16.01.2014 8:21:13	debug		SeriesCount -> 2
16.01.2014 8:21:13	debug		SeriesCount -> 3
16.01.2014 8:21:13	debug		SeriesCount -> 4
16.01.2014 8:21:13	debug		SeriesCount -> 0
16.01.2014 8:21:13	debug		SeriesCount -> 1
16.01.2014 8:21:13	debug		SeriesCount -> 2
16.01.2014 8:21:13	debug		SeriesCount -> 3
16.01.2014 8:21:13	debug		SeriesCount -> 4
16.01.2014 8:21:13	debug		SeriesCount -> 0
16.01.2014 8:21:13	debug		SeriesCount -> 1
16.01.2014 8:21:13	debug		SeriesCount -> 2
16.01.2014 8:21:13	debug		SeriesCount -> 3
16.01.2014 8:21:13	debug		SeriesCount -> 4
16.01.2014 8:21:13	debug		SeriesCount -> 0
16.01.2014 8:21:13	debug		SeriesCount -> 1
16.01.2014 8:21:13	debug		SeriesCount -> 2
16.01.2014 8:21:13	debug		SeriesCount -> 3
16.01.2014 8:21:13	debug		SeriesCount -> 4
16.01.2014 8:21:13	debug		SeriesCount -> 0
16.01.2014 8:21:13	debug		SeriesCount -> 1
16.01.2014 8:21:13	debug		SeriesCount -> 2
16.01.2014 8:21:13	debug		SeriesCount -> 3
16.01.2014 8:21:13	debug		SeriesCount -> 4
16.01.2014 8:21:13	debug		SeriesCount -> 0
16.01.2014 8:21:13	debug		SeriesCount -> 1
16.01.2014 8:21:13	debug		SeriesCount -> 2
16.01.2014 8:21:13	debug		SeriesCount -> 3
16.01.2014 8:21:13	debug		SeriesCount -> 4
16.01.2014 8:21:13	debug		SeriesCount -> 0
16.01.2014 8:21:13	debug		SeriesCount -> 1
16.01.2014 8:21:13	debug		SeriesCount -> 2
16.01.2014 8:21:13	debug		SeriesCount -> 3
16.01.2014 8:21:13	debug		SeriesCount -> 4
16.01.2014 8:21:13	debug		TemperatureCurrentRight -> 256
16.01.2014 8:21:13	debug		LimitRight min -> 240
16.01.2014 8:21:13	debug		LimitRight max -> 565
16.01.2014 8:21:14	debug		ViewsCharts -> 8:21:14
16.01.2014 8:21:14	debug		TemperatureCurrentLeft -> 250
16.01.2014 8:21:14	debug		LimitLeft min -> 250
16.01.2014 8:21:14	debug		LimitLeft max -> 550
16.01.2014 8:21:14	debug		TemperatureCurrentRight -> 256
16.01.2014 8:21:14	debug		LimitRight min -> 240
16.01.2014 8:21:14	debug		LimitRight max -> 565
16.01.2014 8:21:15	debug		ViewsCharts -> 8:21:15
16.01.2014 8:21:15	debug		TemperatureCurrentLeft -> 250
16.01.2014 8:21:15	debug		LimitLeft min -> 250
16.01.2014 8:21:15	debug		LimitLeft max -> 550
16.01.2014 8:21:15	debug		TemperatureCurrentRight -> 256
16.01.2014 8:21:15	debug		LimitRight min -> 240
16.01.2014 8:21:15	debug		LimitRight max -> 565
16.01.2014 8:21:16	debug		ViewsCharts -> 8:21:16
16.01.2014 8:21:16	debug		TemperatureCurrentLeft -> 250
16.01.2014 8:21:16	debug		LimitLeft min -> 250
16.01.2014 8:21:16	debug		LimitLeft max -> 550
16.01.2014 8:21:16	debug		TemperatureCurrentRight -> 256
16.01.2014 8:21:16	debug		LimitRight min -> 240
16.01.2014 8:21:16	debug		LimitRight max -> 565
16.01.2014 8:21:18	debug		ViewsCharts -> 8:21:18
16.01.2014 8:21:18	debug		TemperatureCurrentLeft -> 250
16.01.2014 8:21:18	debug		LimitLeft min -> 250
16.01.2014 8:21:18	debug		LimitLeft max -> 550
16.01.2014 8:21:18	debug		TemperatureCurrentRight -> 256
16.01.2014 8:21:18	debug		LimitRight min -> 240
16.01.2014 8:21:18	debug		LimitRight max -> 565
16.01.2014 8:21:19	debug		ViewsCharts -> 8:21:19
16.01.2014 8:21:19	debug		TemperatureCurrentLeft -> 250
16.01.2014 8:21:19	debug		LimitLeft min -> 250
16.01.2014 8:21:19	debug		LimitLeft max -> 550
16.01.2014 8:21:19	debug		TemperatureCurrentRight -> 256
16.01.2014 8:21:19	debug		LimitRight min -> 240
16.01.2014 8:21:19	debug		LimitRight max -> 565
16.01.2014 8:21:20	debug		ViewsCharts -> 8:21:20
16.01.2014 8:21:20	debug		TemperatureCurrentLeft -> 250
16.01.2014 8:21:20	debug		LimitLeft min -> 250
16.01.2014 8:21:20	debug		LimitLeft max -> 550
16.01.2014 8:21:20	debug		TemperatureCurrentRight -> 256
16.01.2014 8:21:20	debug		LimitRight min -> 240
16.01.2014 8:21:20	debug		LimitRight max -> 565
16.01.2014 8:26:03	app		start
16.01.2014 8:26:04	debug		ViewsCharts -> 8:26:04
16.01.2014 8:26:04	debug		TemperatureCurrentLeft -> 250
16.01.2014 8:26:04	debug		LimitLeft min -> 250
16.01.2014 8:26:04	debug		LimitLeft max -> 550
16.01.2014 8:26:04	debug		TemperatureCurrentRight -> 256
16.01.2014 8:26:04	debug		LimitRight min -> 240
16.01.2014 8:26:04	debug		LimitRight max -> 565
16.01.2014 8:26:05	debug		ViewsCharts -> 8:26:05
16.01.2014 8:26:05	debug		TemperatureCurrentLeft -> 250
16.01.2014 8:26:05	debug		LimitLeft min -> 250
16.01.2014 8:26:05	debug		LimitLeft max -> 550
16.01.2014 8:26:05	debug		TemperatureCurrentRight -> 256
16.01.2014 8:26:05	debug		LimitRight min -> 240
16.01.2014 8:26:05	debug		LimitRight max -> 565
16.01.2014 8:26:06	debug		ViewsCharts -> 8:26:06
16.01.2014 8:26:06	debug		TemperatureCurrentLeft -> 250
16.01.2014 8:26:06	debug		LimitLeft min -> 250
16.01.2014 8:26:06	debug		LimitLeft max -> 550
16.01.2014 8:26:06	debug		TemperatureCurrentRight -> 256
16.01.2014 8:26:06	debug		LimitRight min -> 240
16.01.2014 8:26:06	debug		LimitRight max -> 565
16.01.2014 8:26:07	debug		ViewsCharts -> 8:26:07
16.01.2014 8:26:07	debug		TemperatureCurrentLeft -> 250
16.01.2014 8:26:07	debug		LimitLeft min -> 250
16.01.2014 8:26:07	debug		LimitLeft max -> 550
16.01.2014 8:26:07	debug		TemperatureCurrentRight -> 256
16.01.2014 8:26:07	debug		LimitRight min -> 240
16.01.2014 8:26:07	debug		LimitRight max -> 565
16.01.2014 8:26:08	debug		ViewsCharts -> 8:26:08
16.01.2014 8:26:08	debug		TemperatureCurrentLeft -> 250
16.01.2014 8:26:08	debug		LimitLeft min -> 250
16.01.2014 8:26:08	debug		LimitLeft max -> 550
16.01.2014 8:26:08	debug		TemperatureCurrentRight -> 256
16.01.2014 8:26:08	debug		LimitRight min -> 240
16.01.2014 8:26:08	debug		LimitRight max -> 565
16.01.2014 8:26:09	debug		ViewsCharts -> 8:26:09
16.01.2014 8:26:09	debug		TemperatureCurrentLeft -> 250
16.01.2014 8:26:09	debug		LimitLeft min -> 250
16.01.2014 8:26:09	debug		LimitLeft max -> 550
16.01.2014 8:26:09	debug		TemperatureCurrentRight -> 256
16.01.2014 8:26:09	debug		LimitRight min -> 240
16.01.2014 8:26:09	debug		LimitRight max -> 565
16.01.2014 8:26:10	debug		ViewsCharts -> 8:26:10
16.01.2014 8:26:10	debug		TemperatureCurrentLeft -> 250
16.01.2014 8:26:10	debug		LimitLeft min -> 250
16.01.2014 8:26:10	debug		LimitLeft max -> 550
16.01.2014 8:26:10	debug		TemperatureCurrentRight -> 256
16.01.2014 8:26:10	debug		LimitRight min -> 240
16.01.2014 8:26:10	debug		LimitRight max -> 565
16.01.2014 8:26:11	debug		ViewsCharts -> 8:26:11
16.01.2014 8:26:11	debug		TemperatureCurrentLeft -> 250
16.01.2014 8:26:11	debug		LimitLeft min -> 250
16.01.2014 8:26:11	debug		LimitLeft max -> 550
16.01.2014 8:26:11	debug		TemperatureCurrentRight -> 256
16.01.2014 8:26:11	debug		LimitRight min -> 240
16.01.2014 8:26:11	debug		LimitRight max -> 565
16.01.2014 8:26:12	debug		ViewsCharts -> 8:26:12
16.01.2014 8:26:12	debug		TemperatureCurrentLeft -> 250
16.01.2014 8:26:12	debug		LimitLeft min -> 250
16.01.2014 8:26:12	debug		LimitLeft max -> 550
16.01.2014 8:26:12	debug		TemperatureCurrentRight -> 256
16.01.2014 8:26:12	debug		LimitRight min -> 240
16.01.2014 8:26:12	debug		LimitRight max -> 565
16.01.2014 8:26:13	debug		ViewsCharts -> 8:26:13
16.01.2014 8:26:13	debug		TemperatureCurrentLeft -> 250
16.01.2014 8:26:13	debug		LimitLeft min -> 250
16.01.2014 8:26:13	debug		LimitLeft max -> 550
16.01.2014 8:26:13	debug		TemperatureCurrentRight -> 256
16.01.2014 8:26:13	debug		LimitRight min -> 240
16.01.2014 8:26:13	debug		LimitRight max -> 565
16.01.2014 8:26:15	debug		ViewsCharts -> 8:26:15
16.01.2014 8:26:15	debug		TemperatureCurrentLeft -> 250
16.01.2014 8:26:15	debug		LimitLeft min -> 250
16.01.2014 8:26:15	debug		LimitLeft max -> 550
16.01.2014 8:26:15	debug		TemperatureCurrentRight -> 256
16.01.2014 8:26:15	debug		LimitRight min -> 240
16.01.2014 8:26:15	debug		LimitRight max -> 565
16.01.2014 8:26:16	debug		ViewsCharts -> 8:26:16
16.01.2014 8:26:16	debug		TemperatureCurrentLeft -> 250
16.01.2014 8:26:16	debug		LimitLeft min -> 250
16.01.2014 8:26:16	debug		LimitLeft max -> 550
16.01.2014 8:26:16	debug		TemperatureCurrentRight -> 256
16.01.2014 8:26:16	debug		LimitRight min -> 240
16.01.2014 8:26:16	debug		LimitRight max -> 565
16.01.2014 8:26:17	debug		ViewsCharts -> 8:26:17
16.01.2014 8:26:17	debug		TemperatureCurrentLeft -> 250
16.01.2014 8:26:17	debug		LimitLeft min -> 250
16.01.2014 8:26:17	debug		LimitLeft max -> 550
16.01.2014 8:26:17	debug		TemperatureCurrentRight -> 256
16.01.2014 8:26:17	debug		LimitRight min -> 240
16.01.2014 8:26:17	debug		LimitRight max -> 565
16.01.2014 8:26:18	debug		ViewsCharts -> 8:26:18
16.01.2014 8:26:18	debug		TemperatureCurrentLeft -> 250
16.01.2014 8:26:18	debug		LimitLeft min -> 250
16.01.2014 8:26:18	debug		LimitLeft max -> 550
16.01.2014 8:26:18	debug		TemperatureCurrentRight -> 256
16.01.2014 8:26:18	debug		LimitRight min -> 240
16.01.2014 8:26:18	debug		LimitRight max -> 565
16.01.2014 8:26:19	debug		ViewsCharts -> 8:26:19
16.01.2014 8:26:19	debug		TemperatureCurrentLeft -> 250
16.01.2014 8:26:19	debug		LimitLeft min -> 250
16.01.2014 8:26:19	debug		LimitLeft max -> 550
16.01.2014 8:26:19	debug		TemperatureCurrentRight -> 256
16.01.2014 8:26:19	debug		LimitRight min -> 240
16.01.2014 8:26:19	debug		LimitRight max -> 565
16.01.2014 8:26:20	debug		ViewsCharts -> 8:26:20
16.01.2014 8:26:20	debug		TemperatureCurrentLeft -> 250
16.01.2014 8:26:20	debug		LimitLeft min -> 250
16.01.2014 8:26:20	debug		LimitLeft max -> 550
16.01.2014 8:26:20	debug		TemperatureCurrentRight -> 256
16.01.2014 8:26:20	debug		LimitRight min -> 240
16.01.2014 8:26:20	debug		LimitRight max -> 565
16.01.2014 8:26:21	debug		ViewsCharts -> 8:26:21
16.01.2014 8:26:21	debug		TemperatureCurrentLeft -> 250
16.01.2014 8:26:21	debug		LimitLeft min -> 250
16.01.2014 8:26:21	debug		LimitLeft max -> 550
16.01.2014 8:26:21	debug		TemperatureCurrentRight -> 256
16.01.2014 8:26:21	debug		LimitRight min -> 240
16.01.2014 8:26:21	debug		LimitRight max -> 565
16.01.2014 8:26:22	debug		ViewsCharts -> 8:26:22
16.01.2014 8:26:22	debug		TemperatureCurrentLeft -> 250
16.01.2014 8:26:22	debug		LimitLeft min -> 250
16.01.2014 8:26:22	debug		LimitLeft max -> 550
16.01.2014 8:26:22	debug		TemperatureCurrentRight -> 349
16.01.2014 8:26:22	debug		LimitRight min -> 240
16.01.2014 8:26:22	debug		LimitRight max -> 565
16.01.2014 8:26:23	debug		ViewsCharts -> 8:26:23
16.01.2014 8:26:23	debug		TemperatureCurrentLeft -> 250
16.01.2014 8:26:23	debug		LimitLeft min -> 250
16.01.2014 8:26:23	debug		LimitLeft max -> 550
16.01.2014 8:26:23	debug		TemperatureCurrentRight -> 349
16.01.2014 8:26:23	debug		LimitRight min -> 240
16.01.2014 8:26:23	debug		LimitRight max -> 565
16.01.2014 8:26:24	debug		ViewsCharts -> 8:26:24
16.01.2014 8:26:24	debug		TemperatureCurrentLeft -> 250
16.01.2014 8:26:24	debug		LimitLeft min -> 250
16.01.2014 8:26:24	debug		LimitLeft max -> 550
16.01.2014 8:26:24	debug		TemperatureCurrentRight -> 349
16.01.2014 8:26:24	debug		LimitRight min -> 240
16.01.2014 8:26:24	debug		LimitRight max -> 565
16.01.2014 8:26:25	debug		ViewsCharts -> 8:26:25
16.01.2014 8:26:25	debug		TemperatureCurrentLeft -> 250
16.01.2014 8:26:25	debug		LimitLeft min -> 250
16.01.2014 8:26:25	debug		LimitLeft max -> 550
16.01.2014 8:26:25	debug		TemperatureCurrentRight -> 349
16.01.2014 8:26:25	debug		LimitRight min -> 240
16.01.2014 8:26:25	debug		LimitRight max -> 565
16.01.2014 8:26:26	debug		ViewsCharts -> 8:26:26
16.01.2014 8:26:26	debug		TemperatureCurrentLeft -> 250
16.01.2014 8:26:26	debug		LimitLeft min -> 250
16.01.2014 8:26:26	debug		LimitLeft max -> 550
16.01.2014 8:26:26	debug		TemperatureCurrentRight -> 256
16.01.2014 8:26:26	debug		LimitRight min -> 240
16.01.2014 8:26:26	debug		LimitRight max -> 565
16.01.2014 8:26:27	debug		ViewsCharts -> 8:26:27
16.01.2014 8:26:27	debug		TemperatureCurrentLeft -> 250
16.01.2014 8:26:27	debug		LimitLeft min -> 250
16.01.2014 8:26:27	debug		LimitLeft max -> 550
16.01.2014 8:26:27	debug		TemperatureCurrentRight -> 256
16.01.2014 8:26:27	debug		LimitRight min -> 240
16.01.2014 8:26:27	debug		LimitRight max -> 565
16.01.2014 8:26:28	debug		ViewsCharts -> 8:26:28
16.01.2014 8:26:28	debug		TemperatureCurrentLeft -> 250
16.01.2014 8:26:28	debug		LimitLeft min -> 250
16.01.2014 8:26:28	debug		LimitLeft max -> 550
16.01.2014 8:26:28	debug		TemperatureCurrentRight -> 256
16.01.2014 8:26:28	debug		LimitRight min -> 240
16.01.2014 8:26:28	debug		LimitRight max -> 565
16.01.2014 8:47:39	app		start
16.01.2014 8:48:06	app		close
16.01.2014 8:50:46	app		start
16.01.2014 8:53:29	app		close
16.01.2014 8:53:36	app		start
16.01.2014 8:58:32	app		start
16.01.2014 9:12:59	app		close
16.01.2014 9:13:20	app		start
16.01.2014 16:23:52	app		close
16.01.2014 16:24:06	app		start
16.01.2014 16:27:57	app		start
17.01.2014 13:16:00	app		close
