13.09.2013 14:47:09	app		start
13.09.2013 14:47:13	error		EOleException, с сообщением: Недопустимая строка с указанием класса
13.09.2013 14:47:13	error		EAccessViolation, с сообщением: Access violation at address 0089EBFC in module 'ReadOpcToSql.exe'. Read of address 00000000
13.09.2013 14:48:28	app		start
13.09.2013 14:48:29	error		EOleException, с сообщением: Недопустимая строка с указанием класса
13.09.2013 14:48:40	app		start
13.09.2013 14:48:41	error		EOleException, с сообщением: Недопустимая строка с указанием класса
13.09.2013 14:48:41	error		EAccessViolation, с сообщением: Access violation at address 0089EBFC in module 'ReadOpcToSql.exe'. Read of address 00000000
13.09.2013 14:57:41	app		start
13.09.2013 14:57:42	error		EOleException, с сообщением: Недопустимая строка с указанием класса
13.09.2013 14:57:42	error		EAccessViolation, с сообщением: Access violation at address 0089B39C in module 'ReadOpcToSql.exe'. Read of address 00000000
13.09.2013 14:57:42	error		EAccessViolation, с сообщением: Access violation at address 0089B39C in module 'ReadOpcToSql.exe'. Read of address 00000000
13.09.2013 14:57:43	error		EAccessViolation, с сообщением: Access violation at address 0089B39C in module 'ReadOpcToSql.exe'. Read of address 00000000
13.09.2013 14:57:43	error		EAccessViolation, с сообщением: Access violation at address 0089B39C in module 'ReadOpcToSql.exe'. Read of address 00000000
13.09.2013 14:57:44	error		EAccessViolation, с сообщением: Access violation at address 0089B39C in module 'ReadOpcToSql.exe'. Read of address 00000000
13.09.2013 14:57:44	error		EAccessViolation, с сообщением: Access violation at address 0089B39C in module 'ReadOpcToSql.exe'. Read of address 00000000
13.09.2013 14:57:45	error		EAccessViolation, с сообщением: Access violation at address 0089B39C in module 'ReadOpcToSql.exe'. Read of address 00000000
13.09.2013 14:57:45	error		EAccessViolation, с сообщением: Access violation at address 0089B39C in module 'ReadOpcToSql.exe'. Read of address 00000000
13.09.2013 14:57:46	error		EAccessViolation, с сообщением: Access violation at address 0089B39C in module 'ReadOpcToSql.exe'. Read of address 00000000
13.09.2013 14:58:03	app		start
13.09.2013 14:58:04	error		EOleException, с сообщением: Недопустимая строка с указанием класса
13.09.2013 14:58:04	error		EAccessViolation, с сообщением: Access violation at address 0089B39C in module 'ReadOpcToSql.exe'. Read of address 00000000
13.09.2013 14:58:04	error		EAccessViolation, с сообщением: Access violation at address 0089B39C in module 'ReadOpcToSql.exe'. Read of address 00000000
13.09.2013 14:58:05	error		EAccessViolation, с сообщением: Access violation at address 0089B39C in module 'ReadOpcToSql.exe'. Read of address 00000000
13.09.2013 14:58:05	error		EAccessViolation, с сообщением: Access violation at address 0089B39C in module 'ReadOpcToSql.exe'. Read of address 00000000
13.09.2013 14:58:06	error		EAccessViolation, с сообщением: Access violation at address 0089B39C in module 'ReadOpcToSql.exe'. Read of address 00000000
13.09.2013 14:58:06	error		EAccessViolation, с сообщением: Access violation at address 0089B39C in module 'ReadOpcToSql.exe'. Read of address 00000000
13.09.2013 14:58:19	app		start
13.09.2013 14:58:19	error		EOleException, с сообщением: Недопустимая строка с указанием класса
13.09.2013 14:58:19	error		EAccessViolation, с сообщением: Access violation at address 0089B39C in module 'ReadOpcToSql.exe'. Read of address 00000000
13.09.2013 14:58:20	error		EAccessViolation, с сообщением: Access violation at address 0089B39C in module 'ReadOpcToSql.exe'. Read of address 00000000
13.09.2013 14:58:20	error		EAccessViolation, с сообщением: Access violation at address 0089B39C in module 'ReadOpcToSql.exe'. Read of address 00000000
13.09.2013 14:58:21	error		EAccessViolation, с сообщением: Access violation at address 0089B39C in module 'ReadOpcToSql.exe'. Read of address 00000000
13.09.2013 14:58:21	error		EAccessViolation, с сообщением: Access violation at address 0089B39C in module 'ReadOpcToSql.exe'. Read of address 00000000
13.09.2013 14:58:22	error		EAccessViolation, с сообщением: Access violation at address 0089B39C in module 'ReadOpcToSql.exe'. Read of address 00000000
13.09.2013 15:00:15	app		start
13.09.2013 15:00:15	error		EOleException, с сообщением: Недопустимая строка с указанием класса
13.09.2013 15:00:15	error		EAccessViolation, с сообщением: Access violation at address 0089B39C in module 'ReadOpcToSql.exe'. Read of address 00000000
13.09.2013 15:00:16	error		EAccessViolation, с сообщением: Access violation at address 0089B39C in module 'ReadOpcToSql.exe'. Read of address 00000000
13.09.2013 15:00:16	error		EAccessViolation, с сообщением: Access violation at address 0089B39C in module 'ReadOpcToSql.exe'. Read of address 00000000
13.09.2013 15:00:17	error		EAccessViolation, с сообщением: Access violation at address 0089B39C in module 'ReadOpcToSql.exe'. Read of address 00000000
13.09.2013 15:00:17	error		EAccessViolation, с сообщением: Access violation at address 0089B39C in module 'ReadOpcToSql.exe'. Read of address 00000000
13.09.2013 15:00:18	error		EAccessViolation, с сообщением: Access violation at address 0089B39C in module 'ReadOpcToSql.exe'. Read of address 00000000
13.09.2013 15:00:18	error		EAccessViolation, с сообщением: Access violation at address 0089B39C in module 'ReadOpcToSql.exe'. Read of address 00000000
13.09.2013 15:00:19	error		EAccessViolation, с сообщением: Access violation at address 0089B39C in module 'ReadOpcToSql.exe'. Read of address 00000000
13.09.2013 15:00:19	error		EAccessViolation, с сообщением: Access violation at address 0089B39C in module 'ReadOpcToSql.exe'. Read of address 00000000
13.09.2013 15:00:20	error		EAccessViolation, с сообщением: Access violation at address 0089B39C in module 'ReadOpcToSql.exe'. Read of address 00000000
13.09.2013 15:00:20	error		EAccessViolation, с сообщением: Access violation at address 0089B39C in module 'ReadOpcToSql.exe'. Read of address 00000000
13.09.2013 15:00:21	error		EAccessViolation, с сообщением: Access violation at address 0089B39C in module 'ReadOpcToSql.exe'. Read of address 00000000
13.09.2013 15:00:21	app		close
13.09.2013 15:00:21	error		EAccessViolation, с сообщением: Access violation at address 0089B1A4 in module 'ReadOpcToSql.exe'. Read of address 00000000
13.09.2013 15:01:46	app		start
13.09.2013 15:01:47	error		EOleException, с сообщением: Недопустимая строка с указанием класса
13.09.2013 15:01:47	error		EAccessViolation, с сообщением: Access violation at address 0089B39C in module 'ReadOpcToSql.exe'. Read of address 00000000
13.09.2013 15:01:48	error		EAccessViolation, с сообщением: Access violation at address 0089B39C in module 'ReadOpcToSql.exe'. Read of address 00000000
13.09.2013 15:01:48	error		EAccessViolation, с сообщением: Access violation at address 0089B39C in module 'ReadOpcToSql.exe'. Read of address 00000000
13.09.2013 15:01:49	error		EAccessViolation, с сообщением: Access violation at address 0089B39C in module 'ReadOpcToSql.exe'. Read of address 00000000
13.09.2013 15:01:49	error		EAccessViolation, с сообщением: Access violation at address 0089B39C in module 'ReadOpcToSql.exe'. Read of address 00000000
13.09.2013 15:01:50	error		EAccessViolation, с сообщением: Access violation at address 0089B39C in module 'ReadOpcToSql.exe'. Read of address 00000000
13.09.2013 15:01:50	error		EAccessViolation, с сообщением: Access violation at address 0089B39C in module 'ReadOpcToSql.exe'. Read of address 00000000
13.09.2013 15:01:51	error		EAccessViolation, с сообщением: Access violation at address 0089B39C in module 'ReadOpcToSql.exe'. Read of address 00000000
13.09.2013 15:01:51	error		EAccessViolation, с сообщением: Access violation at address 0089B39C in module 'ReadOpcToSql.exe'. Read of address 00000000
13.09.2013 15:01:52	error		EAccessViolation, с сообщением: Access violation at address 0089B39C in module 'ReadOpcToSql.exe'. Read of address 00000000
13.09.2013 15:01:52	error		EAccessViolation, с сообщением: Access violation at address 0089B39C in module 'ReadOpcToSql.exe'. Read of address 00000000
13.09.2013 15:01:53	error		EAccessViolation, с сообщением: Access violation at address 0089B39C in module 'ReadOpcToSql.exe'. Read of address 00000000
13.09.2013 15:01:53	error		EAccessViolation, с сообщением: Access violation at address 0089B39C in module 'ReadOpcToSql.exe'. Read of address 00000000
13.09.2013 15:01:54	error		EAccessViolation, с сообщением: Access violation at address 0089B39C in module 'ReadOpcToSql.exe'. Read of address 00000000
13.09.2013 15:01:54	error		EAccessViolation, с сообщением: Access violation at address 0089B39C in module 'ReadOpcToSql.exe'. Read of address 00000000
13.09.2013 15:01:55	error		EAccessViolation, с сообщением: Access violation at address 0089B39C in module 'ReadOpcToSql.exe'. Read of address 00000000
13.09.2013 15:01:55	error		EAccessViolation, с сообщением: Access violation at address 0089B39C in module 'ReadOpcToSql.exe'. Read of address 00000000
13.09.2013 15:01:56	error		EAccessViolation, с сообщением: Access violation at address 0089B39C in module 'ReadOpcToSql.exe'. Read of address 00000000
13.09.2013 15:01:56	error		EAccessViolation, с сообщением: Access violation at address 0089B39C in module 'ReadOpcToSql.exe'. Read of address 00000000
13.09.2013 15:01:57	error		EAccessViolation, с сообщением: Access violation at address 0089B39C in module 'ReadOpcToSql.exe'. Read of address 00000000
13.09.2013 15:01:57	error		EAccessViolation, с сообщением: Access violation at address 0089B39C in module 'ReadOpcToSql.exe'. Read of address 00000000
13.09.2013 15:01:58	error		EAccessViolation, с сообщением: Access violation at address 0089B39C in module 'ReadOpcToSql.exe'. Read of address 00000000
13.09.2013 15:01:58	error		EAccessViolation, с сообщением: Access violation at address 0089B39C in module 'ReadOpcToSql.exe'. Read of address 00000000
13.09.2013 15:01:59	error		EAccessViolation, с сообщением: Access violation at address 0089B39C in module 'ReadOpcToSql.exe'. Read of address 00000000
13.09.2013 15:01:59	error		EAccessViolation, с сообщением: Access violation at address 0089B39C in module 'ReadOpcToSql.exe'. Read of address 00000000
13.09.2013 15:02:00	error		EAccessViolation, с сообщением: Access violation at address 0089B39C in module 'ReadOpcToSql.exe'. Read of address 00000000
13.09.2013 15:02:00	error		EAccessViolation, с сообщением: Access violation at address 0089B39C in module 'ReadOpcToSql.exe'. Read of address 00000000
13.09.2013 15:02:01	error		EAccessViolation, с сообщением: Access violation at address 0089B39C in module 'ReadOpcToSql.exe'. Read of address 00000000
13.09.2013 15:02:01	error		EAccessViolation, с сообщением: Access violation at address 0089B39C in module 'ReadOpcToSql.exe'. Read of address 00000000
13.09.2013 15:02:02	error		EAccessViolation, с сообщением: Access violation at address 0089B39C in module 'ReadOpcToSql.exe'. Read of address 00000000
13.09.2013 15:02:02	error		EAccessViolation, с сообщением: Access violation at address 0089B39C in module 'ReadOpcToSql.exe'. Read of address 00000000
13.09.2013 15:02:03	error		EAccessViolation, с сообщением: Access violation at address 0089B39C in module 'ReadOpcToSql.exe'. Read of address 00000000
13.09.2013 15:02:03	error		EAccessViolation, с сообщением: Access violation at address 0089B39C in module 'ReadOpcToSql.exe'. Read of address 00000000
13.09.2013 15:02:04	error		EAccessViolation, с сообщением: Access violation at address 0089B39C in module 'ReadOpcToSql.exe'. Read of address 00000000
13.09.2013 15:02:04	error		EAccessViolation, с сообщением: Access violation at address 0089B39C in module 'ReadOpcToSql.exe'. Read of address 00000000
13.09.2013 15:02:05	error		EAccessViolation, с сообщением: Access violation at address 0089B39C in module 'ReadOpcToSql.exe'. Read of address 00000000
13.09.2013 15:02:05	error		EAccessViolation, с сообщением: Access violation at address 0089B39C in module 'ReadOpcToSql.exe'. Read of address 00000000
16.09.2013 8:39:52	app		start
16.09.2013 8:39:57	error		EOleException, с сообщением: Недопустимая строка с указанием класса
16.09.2013 8:39:57	error		EAccessViolation, с сообщением: Access violation at address 0089B39C in module 'ReadOpcToSql.exe'. Read of address 00000000
16.09.2013 8:39:58	error		EAccessViolation, с сообщением: Access violation at address 0089B39C in module 'ReadOpcToSql.exe'. Read of address 00000000
16.09.2013 8:39:58	error		EAccessViolation, с сообщением: Access violation at address 0089B39C in module 'ReadOpcToSql.exe'. Read of address 00000000
16.09.2013 8:39:59	error		EAccessViolation, с сообщением: Access violation at address 0089B39C in module 'ReadOpcToSql.exe'. Read of address 00000000
16.09.2013 8:39:59	error		EAccessViolation, с сообщением: Access violation at address 0089B39C in module 'ReadOpcToSql.exe'. Read of address 00000000
16.09.2013 8:40:00	error		EAccessViolation, с сообщением: Access violation at address 0089B39C in module 'ReadOpcToSql.exe'. Read of address 00000000
16.09.2013 8:40:00	error		EAccessViolation, с сообщением: Access violation at address 0089B39C in module 'ReadOpcToSql.exe'. Read of address 00000000
16.09.2013 8:40:01	error		EAccessViolation, с сообщением: Access violation at address 0089B39C in module 'ReadOpcToSql.exe'. Read of address 00000000
16.09.2013 8:40:02	error		EAccessViolation, с сообщением: Access violation at address 0089B39C in module 'ReadOpcToSql.exe'. Read of address 00000000
16.09.2013 8:40:02	error		EAccessViolation, с сообщением: Access violation at address 0089B39C in module 'ReadOpcToSql.exe'. Read of address 00000000
16.09.2013 8:40:03	error		EAccessViolation, с сообщением: Access violation at address 0089B39C in module 'ReadOpcToSql.exe'. Read of address 00000000
16.09.2013 8:40:03	error		EAccessViolation, с сообщением: Access violation at address 0089B39C in module 'ReadOpcToSql.exe'. Read of address 00000000
16.09.2013 8:40:04	error		EAccessViolation, с сообщением: Access violation at address 0089B39C in module 'ReadOpcToSql.exe'. Read of address 00000000
16.09.2013 8:40:04	error		EAccessViolation, с сообщением: Access violation at address 0089B39C in module 'ReadOpcToSql.exe'. Read of address 00000000
16.09.2013 8:40:05	error		EAccessViolation, с сообщением: Access violation at address 0089B39C in module 'ReadOpcToSql.exe'. Read of address 00000000
16.09.2013 8:40:05	error		EAccessViolation, с сообщением: Access violation at address 0089B39C in module 'ReadOpcToSql.exe'. Read of address 00000000
16.09.2013 8:40:06	error		EAccessViolation, с сообщением: Access violation at address 0089B39C in module 'ReadOpcToSql.exe'. Read of address 00000000
16.09.2013 8:40:06	error		EAccessViolation, с сообщением: Access violation at address 0089B39C in module 'ReadOpcToSql.exe'. Read of address 00000000
16.09.2013 8:40:07	error		EAccessViolation, с сообщением: Access violation at address 0089B39C in module 'ReadOpcToSql.exe'. Read of address 00000000
16.09.2013 8:40:07	error		EAccessViolation, с сообщением: Access violation at address 0089B39C in module 'ReadOpcToSql.exe'. Read of address 00000000
16.09.2013 8:40:08	error		EAccessViolation, с сообщением: Access violation at address 0089B39C in module 'ReadOpcToSql.exe'. Read of address 00000000
16.09.2013 8:40:08	error		EAccessViolation, с сообщением: Access violation at address 0089B39C in module 'ReadOpcToSql.exe'. Read of address 00000000
16.09.2013 8:40:09	error		EAccessViolation, с сообщением: Access violation at address 0089B39C in module 'ReadOpcToSql.exe'. Read of address 00000000
16.09.2013 8:40:09	error		EAccessViolation, с сообщением: Access violation at address 0089B39C in module 'ReadOpcToSql.exe'. Read of address 00000000
16.09.2013 8:40:10	error		EAccessViolation, с сообщением: Access violation at address 0089B39C in module 'ReadOpcToSql.exe'. Read of address 00000000
16.09.2013 8:40:10	error		EAccessViolation, с сообщением: Access violation at address 0089B39C in module 'ReadOpcToSql.exe'. Read of address 00000000
16.09.2013 8:40:11	error		EAccessViolation, с сообщением: Access violation at address 0089B39C in module 'ReadOpcToSql.exe'. Read of address 00000000
16.09.2013 8:40:11	error		EAccessViolation, с сообщением: Access violation at address 0089B39C in module 'ReadOpcToSql.exe'. Read of address 00000000
16.09.2013 8:40:12	error		EAccessViolation, с сообщением: Access violation at address 0089B39C in module 'ReadOpcToSql.exe'. Read of address 00000000
16.09.2013 8:40:12	error		EAccessViolation, с сообщением: Access violation at address 0089B39C in module 'ReadOpcToSql.exe'. Read of address 00000000
16.09.2013 8:40:13	error		EAccessViolation, с сообщением: Access violation at address 0089B39C in module 'ReadOpcToSql.exe'. Read of address 00000000
16.09.2013 8:40:13	error		EAccessViolation, с сообщением: Access violation at address 0089B39C in module 'ReadOpcToSql.exe'. Read of address 00000000
16.09.2013 8:40:14	error		EAccessViolation, с сообщением: Access violation at address 0089B39C in module 'ReadOpcToSql.exe'. Read of address 00000000
16.09.2013 8:40:14	error		EAccessViolation, с сообщением: Access violation at address 0089B39C in module 'ReadOpcToSql.exe'. Read of address 00000000
16.09.2013 8:40:15	error		EAccessViolation, с сообщением: Access violation at address 0089B39C in module 'ReadOpcToSql.exe'. Read of address 00000000
16.09.2013 8:40:15	error		EAccessViolation, с сообщением: Access violation at address 0089B39C in module 'ReadOpcToSql.exe'. Read of address 00000000
16.09.2013 8:40:16	error		EAccessViolation, с сообщением: Access violation at address 0089B39C in module 'ReadOpcToSql.exe'. Read of address 00000000
16.09.2013 8:40:16	error		EAccessViolation, с сообщением: Access violation at address 0089B39C in module 'ReadOpcToSql.exe'. Read of address 00000000
16.09.2013 8:40:17	error		EAccessViolation, с сообщением: Access violation at address 0089B39C in module 'ReadOpcToSql.exe'. Read of address 00000000
16.09.2013 8:40:17	error		EAccessViolation, с сообщением: Access violation at address 0089B39C in module 'ReadOpcToSql.exe'. Read of address 00000000
16.09.2013 8:40:18	error		EAccessViolation, с сообщением: Access violation at address 0089B39C in module 'ReadOpcToSql.exe'. Read of address 00000000
16.09.2013 8:40:18	error		EAccessViolation, с сообщением: Access violation at address 0089B1A4 in module 'ReadOpcToSql.exe'. Read of address 00000000
16.09.2013 8:40:18	app		close
